PRT1
121
402
4 0 49 (3072 1152 1088 ) (3072 1344 1088 ) (3072 1344 704 ) (3072 1152 704 ) 
4 0 50 (3072 1024 704 ) (3072 1024 1088 ) (3072 1152 1088 ) (3072 1152 704 ) 
4 0 7 (3072 1344 1088 ) (3072 1408 1088 ) (3072 1408 704 ) (3072 1344 704 ) 
4 0 3 (3392 1024 704 ) (3712 1024 704 ) (3712 1024 1088 ) (3392 1024 1088 ) 
4 0 6 (3072 1024 1088 ) (3072 1024 704 ) (3392 1024 704 ) (3392 1024 1088 ) 
4 0 1 (3072 1024 704 ) (3072 1152 704 ) (3392 1152 704 ) (3392 1024 704 ) 
4 1 50 (3072 1024 640 ) (3072 1024 704 ) (3072 1152 704 ) (3072 1152 640 ) 
4 1 6 (3072 1024 704 ) (3072 1024 640 ) (3392 1024 640 ) (3392 1024 704 ) 
4 1 2 (3392 1152 640 ) (3392 1024 640 ) (3072 1024 640 ) (3072 1152 640 ) 
4 2 100 (3072 1024 64 ) (3072 1024 624 ) (3072 1344 624 ) (3072 1344 64 ) 
4 2 97 (3072 1205.130493 640 ) (3072 1253.175537 640 ) (3072 1253.175537 624 ) (3072 1205.130493 624 ) 
4 2 95 (3072 1202.236450 640 ) (3072 1205.130493 640 ) (3072 1205.130493 624 ) (3072 1202.236450 624 ) 
4 2 94 (3072 1253.175537 640 ) (3072 1344 640 ) (3072 1344 624 ) (3072 1253.175537 624 ) 
4 2 93 (3072 1024 624 ) (3072 1024 640 ) (3072 1202.236450 640 ) (3072 1202.236450 624 ) 
4 2 34 (3072 1408 80 ) (3072 1408 64 ) (3072 1344 64 ) (3072 1344 80 ) 
4 2 31 (3072 1408 304 ) (3072 1408 80 ) (3072 1344 80 ) (3072 1344 304 ) 
4 2 18 (3072 1408 320 ) (3072 1408 304 ) (3072 1344 304 ) (3072 1344 320 ) 
4 2 15 (3072 1408 384 ) (3072 1408 320 ) (3072 1344 320 ) (3072 1344 384 ) 
4 2 14 (3072 1408 400 ) (3072 1408 384 ) (3072 1344 384 ) (3072 1344 400 ) 
4 2 13 (3072 1408 416 ) (3072 1408 400 ) (3072 1344 400 ) (3072 1344 416 ) 
4 2 12 (3072 1408 432 ) (3072 1408 416 ) (3072 1344 416 ) (3072 1344 432 ) 
4 2 11 (3072 1408 448 ) (3072 1408 432 ) (3072 1344 432 ) (3072 1344 448 ) 
4 2 10 (3072 1408 464 ) (3072 1408 448 ) (3072 1344 448 ) (3072 1344 464 ) 
4 2 9 (3072 1408 480 ) (3072 1408 464 ) (3072 1344 464 ) (3072 1344 480 ) 
4 2 8 (3072 1344 640 ) (3072 1408 640 ) (3072 1408 480 ) (3072 1344 480 ) 
4 2 4 (3392 1024 64 ) (3712 1024 64 ) (3712 1024 640 ) (3392 1024 640 ) 
4 2 6 (3072 1024 640 ) (3072 1024 64 ) (3392 1024 64 ) (3392 1024 640 ) 
4 3 6 (3392 896 704 ) (3392 896 1088 ) (3392 1024 1088 ) (3392 1024 704 ) 
4 3 5 (3392 896 1088 ) (3392 896 704 ) (3712 896 704 ) (3712 896 1088 ) 
4 4 5 (3392 896 640 ) (3392 896 64 ) (3712 896 64 ) (3712 896 640 ) 
4 4 6 (3392 1024 64 ) (3392 896 64 ) (3392 896 640 ) (3392 1024 640 ) 
4 5 111 (3712 0 64 ) (3712 0 1088 ) (3392 0 1088 ) (3392 0 64 ) 
4 5 6 (3392 896 64 ) (3392 0 64 ) (3392 0 1088 ) (3392 896 1088 ) 
4 6 111 (3392 0 1088 ) (3072 0 1088 ) (3072 0 64 ) (3392 0 64 ) 
4 6 106 (3072 0 64 ) (3072 0 1088 ) (3072 832 1088 ) (3072 832 64 ) 
4 6 104 (3072 832 1088 ) (3072 1024 1088 ) (3072 1024 64 ) (3072 832 64 ) 
4 7 49 (3072 1344 704 ) (3072 1344 1088 ) (2432 1344 1088 ) (2432 1344 704 ) 
4 7 20 (2432 1408 1088 ) (2432 1408 704 ) (2432 1344 704 ) (2432 1344 1088 ) 
4 8 100 (3072 1344 480 ) (3072 1344 624 ) (2432 1344 624 ) (2432 1344 480 ) 
4 8 94 (3072 1344 624 ) (3072 1344 640 ) (2432 1344 640 ) (2432 1344 624 ) 
4 8 22 (2432 1408 512 ) (2432 1408 496 ) (2432 1344 496 ) (2432 1344 512 ) 
4 8 20 (2432 1408 640 ) (2432 1408 512 ) (2432 1344 512 ) (2432 1344 640 ) 
4 8 9 (3072 1344 480 ) (2448 1344 480 ) (2448 1408 480 ) (3072 1408 480 ) 
4 9 100 (3072 1344 464 ) (3072 1344 480 ) (2448 1344 480 ) (2448 1344 464 ) 
4 9 10 (3072 1344 464 ) (2464 1344 464 ) (2464 1408 464 ) (3072 1408 464 ) 
4 10 100 (3072 1344 448 ) (3072 1344 464 ) (2464 1344 464 ) (2464 1344 448 ) 
4 10 11 (3072 1344 448 ) (2480 1344 448 ) (2480 1408 448 ) (3072 1408 448 ) 
4 11 100 (3072 1344 432 ) (3072 1344 448 ) (2480 1344 448 ) (2480 1344 432 ) 
4 11 12 (3072 1344 432 ) (2496 1344 432 ) (2496 1408 432 ) (3072 1408 432 ) 
4 12 100 (3072 1344 416 ) (3072 1344 432 ) (2496 1344 432 ) (2496 1344 416 ) 
4 12 13 (3072 1344 416 ) (2512 1344 416 ) (2512 1408 416 ) (3072 1408 416 ) 
4 13 100 (3072 1344 400 ) (3072 1344 416 ) (2512 1344 416 ) (2512 1344 400 ) 
4 13 14 (3072 1344 400 ) (2528 1344 400 ) (2528 1408 400 ) (3072 1408 400 ) 
4 14 100 (3072 1344 384 ) (3072 1344 400 ) (2528 1344 400 ) (2528 1344 384 ) 
4 14 19 (2560 1344 384 ) (2544 1344 384 ) (2544 1408 384 ) (2560 1408 384 ) 
4 14 17 (2576 1344 384 ) (2560 1344 384 ) (2560 1408 384 ) (2576 1408 384 ) 
4 14 16 (2592 1344 384 ) (2576 1344 384 ) (2576 1408 384 ) (2592 1408 384 ) 
4 14 15 (3072 1344 384 ) (2592 1344 384 ) (2592 1408 384 ) (3072 1408 384 ) 
4 15 100 (3072 1344 320 ) (3072 1344 384 ) (2592 1344 384 ) (2592 1344 320 ) 
4 15 18 (3072 1344 320 ) (2608 1344 320 ) (2608 1408 320 ) (3072 1408 320 ) 
4 15 16 (2592 1344 336 ) (2592 1344 384 ) (2592 1408 384 ) (2592 1408 336 ) 
4 16 100 (2592 1344 384 ) (2576 1344 384 ) (2576 1344 336 ) (2592 1344 336 ) 
4 16 17 (2576 1344 352 ) (2576 1344 384 ) (2576 1408 384 ) (2576 1408 352 ) 
4 17 100 (2576 1344 384 ) (2560 1344 384 ) (2560 1344 352 ) (2576 1344 352 ) 
4 17 19 (2560 1344 368 ) (2560 1344 384 ) (2560 1408 384 ) (2560 1408 368 ) 
4 18 100 (3072 1344 304 ) (3072 1344 320 ) (2608 1344 320 ) (2608 1344 304 ) 
4 18 44 (2656 1344 304 ) (2624 1344 304 ) (2624 1408 304 ) (2656 1408 304 ) 
4 18 43 (2672 1344 304 ) (2656 1344 304 ) (2656 1408 304 ) (2672 1408 304 ) 
4 18 42 (2688 1344 304 ) (2672 1344 304 ) (2672 1408 304 ) (2688 1408 304 ) 
4 18 41 (2704 1344 304 ) (2688 1344 304 ) (2688 1408 304 ) (2704 1408 304 ) 
4 18 40 (2720 1344 304 ) (2704 1344 304 ) (2704 1408 304 ) (2720 1408 304 ) 
4 18 39 (2736 1344 304 ) (2720 1344 304 ) (2720 1408 304 ) (2736 1408 304 ) 
4 18 38 (2752 1344 304 ) (2736 1344 304 ) (2736 1408 304 ) (2752 1408 304 ) 
4 18 37 (2768 1344 304 ) (2752 1344 304 ) (2752 1408 304 ) (2768 1408 304 ) 
4 18 36 (2784 1344 304 ) (2768 1344 304 ) (2768 1408 304 ) (2784 1408 304 ) 
4 18 35 (2800 1344 304 ) (2784 1344 304 ) (2784 1408 304 ) (2800 1408 304 ) 
4 18 33 (2816 1344 304 ) (2800 1344 304 ) (2800 1408 304 ) (2816 1408 304 ) 
4 18 32 (2832 1344 304 ) (2816 1344 304 ) (2816 1408 304 ) (2832 1408 304 ) 
4 18 31 (3072 1344 304 ) (2832 1344 304 ) (2832 1408 304 ) (3072 1408 304 ) 
4 19 100 (2560 1344 384 ) (2544 1344 384 ) (2544 1344 368 ) (2560 1344 368 ) 
4 20 100 (2400 1344 512 ) (2432 1344 512 ) (2432 1344 624 ) (2400 1344 624 ) 
4 20 94 (2432 1344 624 ) (2432 1344 640 ) (2400 1344 640 ) (2400 1344 624 ) 
4 20 85 (2432 1344 640 ) (2432 1344 656 ) (2400 1344 656 ) (2400 1344 640 ) 
4 20 79 (2432 1344 656 ) (2432 1344 672 ) (2400 1344 672 ) (2400 1344 656 ) 
4 20 69 (2432 1344 672 ) (2432 1344 688 ) (2419.531250 1344 688 ) (2419.531250 1344 672 ) 
4 20 63 (2419.531250 1344 688 ) (2403.531006 1344 688 ) (2403.531006 1344 672 ) (2419.531250 1344 672 ) 
4 20 59 (2403.531006 1344 688 ) (2400 1344 688 ) (2400 1344 672 ) (2403.531006 1344 672 ) 
4 20 53 (2432 1344 688 ) (2432 1344 704 ) (2400 1344 704 ) (2400 1344 688 ) 
4 20 51 (2432 1344 704 ) (2432 1344 1088 ) (2400 1344 1088 ) (2400 1344 704 ) 
4 20 22 (2416 1408 512 ) (2432 1408 512 ) (2432 1344 512 ) (2416 1344 512 ) 
4 20 21 (2400 1344 528 ) (2400 1344 1088 ) (2400 1408 1088 ) (2400 1408 528 ) 
4 21 100 (2384 1344 624 ) (2384 1344 528 ) (2400 1344 528 ) (2400 1344 624 ) 
4 21 94 (2384 1344 640 ) (2384 1344 624 ) (2400 1344 624 ) (2400 1344 640 ) 
4 21 85 (2384 1344 656 ) (2384 1344 640 ) (2400 1344 640 ) (2400 1344 656 ) 
4 21 79 (2384 1344 672 ) (2384 1344 656 ) (2400 1344 656 ) (2400 1344 672 ) 
4 21 66 (2384 1344 688 ) (2384 1344 672 ) (2386.029053 1344 672 ) (2386.029053 1344 688 ) 
4 21 59 (2386.029053 1344 672 ) (2400 1344 672 ) (2400 1344 688 ) (2386.029053 1344 688 ) 
4 21 53 (2384 1344 704 ) (2384 1344 688 ) (2400 1344 688 ) (2400 1344 704 ) 
4 21 51 (2384 1344 1088 ) (2384 1344 704 ) (2400 1344 704 ) (2400 1344 1088 ) 
4 21 25 (2384 1408 560 ) (2384 1408 544 ) (2384 1344 544 ) (2384 1344 560 ) 
4 21 23 (2384 1408 1088 ) (2384 1408 560 ) (2384 1344 560 ) (2384 1344 1088 ) 
4 22 100 (2416 1344 496 ) (2432 1344 496 ) (2432 1344 512 ) (2416 1344 512 ) 
4 23 100 (2352 1344 560 ) (2384 1344 560 ) (2384 1344 624 ) (2352 1344 624 ) 
4 23 94 (2384 1344 624 ) (2384 1344 640 ) (2352 1344 640 ) (2352 1344 624 ) 
4 23 85 (2384 1344 640 ) (2384 1344 656 ) (2352 1344 656 ) (2352 1344 640 ) 
4 23 79 (2384 1344 656 ) (2384 1344 672 ) (2352 1344 672 ) (2352 1344 656 ) 
4 23 71 (2370.260986 1344 688 ) (2352 1344 688 ) (2352 1344 672 ) (2370.260986 1344 672 ) 
4 23 66 (2384 1344 672 ) (2384 1344 688 ) (2370.260986 1344 688 ) (2370.260986 1344 672 ) 
4 23 53 (2384 1344 688 ) (2384 1344 704 ) (2352 1344 704 ) (2352 1344 688 ) 
4 23 51 (2384 1344 704 ) (2384 1344 1088 ) (2352 1344 1088 ) (2352 1344 704 ) 
4 23 25 (2368 1408 560 ) (2384 1408 560 ) (2384 1344 560 ) (2368 1344 560 ) 
4 23 24 (2352 1344 576 ) (2352 1344 1088 ) (2352 1408 1088 ) (2352 1408 576 ) 
4 24 100 (2336 1344 624 ) (2336 1344 576 ) (2352 1344 576 ) (2352 1344 624 ) 
4 24 94 (2336 1344 640 ) (2336 1344 624 ) (2352 1344 624 ) (2352 1344 640 ) 
4 24 85 (2336 1344 656 ) (2336 1344 640 ) (2352 1344 640 ) (2352 1344 656 ) 
4 24 79 (2336 1344 672 ) (2336 1344 656 ) (2352 1344 656 ) (2352 1344 672 ) 
4 24 71 (2336 1344 688 ) (2336 1344 672 ) (2352 1344 672 ) (2352 1344 688 ) 
4 24 53 (2336 1344 704 ) (2336 1344 688 ) (2352 1344 688 ) (2352 1344 704 ) 
4 24 51 (2336 1344 1088 ) (2336 1344 704 ) (2352 1344 704 ) (2352 1344 1088 ) 
4 24 28 (2336 1408 608 ) (2336 1408 592 ) (2336 1344 592 ) (2336 1344 608 ) 
4 24 26 (2336 1408 1088 ) (2336 1408 608 ) (2336 1344 608 ) (2336 1344 1088 ) 
4 25 100 (2368 1344 544 ) (2384 1344 544 ) (2384 1344 560 ) (2368 1344 560 ) 
4 26 100 (2304 1344 608 ) (2336 1344 608 ) (2336 1344 624 ) (2304 1344 624 ) 
4 26 94 (2336 1344 624 ) (2336 1344 640 ) (2304 1344 640 ) (2304 1344 624 ) 
4 26 89 (2322.260986 1344 656 ) (2304 1344 656 ) (2304 1344 640 ) (2322.260986 1344 640 ) 
4 26 85 (2336 1344 640 ) (2336 1344 656 ) (2322.260986 1344 656 ) (2322.260986 1344 640 ) 
4 26 79 (2336 1344 656 ) (2336 1344 672 ) (2304 1344 672 ) (2304 1344 656 ) 
4 26 71 (2336 1344 672 ) (2336 1344 688 ) (2304 1344 688 ) (2304 1344 672 ) 
4 26 53 (2336 1344 688 ) (2336 1344 704 ) (2304 1344 704 ) (2304 1344 688 ) 
4 26 51 (2336 1344 704 ) (2336 1344 1088 ) (2304 1344 1088 ) (2304 1344 704 ) 
4 26 28 (2320 1408 608 ) (2336 1408 608 ) (2336 1344 608 ) (2320 1344 608 ) 
4 26 27 (2304 1344 624 ) (2304 1344 1088 ) (2304 1408 1088 ) (2304 1408 624 ) 
4 27 94 (2288 1344 640 ) (2288 1344 624 ) (2304 1344 624 ) (2304 1344 640 ) 
4 27 89 (2288 1344 656 ) (2288 1344 640 ) (2304 1344 640 ) (2304 1344 656 ) 
4 27 79 (2288 1344 672 ) (2288 1344 656 ) (2304 1344 656 ) (2304 1344 672 ) 
4 27 71 (2288 1344 688 ) (2288 1344 672 ) (2304 1344 672 ) (2304 1344 688 ) 
4 27 53 (2288 1344 704 ) (2288 1344 688 ) (2304 1344 688 ) (2304 1344 704 ) 
4 27 51 (2288 1344 1088 ) (2288 1344 704 ) (2304 1344 704 ) (2304 1344 1088 ) 
4 27 29 (2288 1408 1088 ) (2288 1408 640 ) (2288 1344 640 ) (2288 1344 1088 ) 
4 28 100 (2320 1344 592 ) (2336 1344 592 ) (2336 1344 608 ) (2320 1344 608 ) 
4 29 89 (2240 1344 656 ) (2240 1344 640 ) (2288 1344 640 ) (2288 1344 656 ) 
4 29 79 (2240 1344 672 ) (2240 1344 656 ) (2288 1344 656 ) (2288 1344 672 ) 
4 29 71 (2240 1344 688 ) (2240 1344 672 ) (2288 1344 672 ) (2288 1344 688 ) 
4 29 53 (2240 1344 704 ) (2240 1344 688 ) (2288 1344 688 ) (2288 1344 704 ) 
4 29 51 (2240 1344 1088 ) (2240 1344 704 ) (2288 1344 704 ) (2288 1344 1088 ) 
4 30 108 (2048 1344 304 ) (2048 1344 1088 ) (2048 1408 1088 ) (2048 1408 304 ) 
4 30 101 (2048 1344 640 ) (2048 1344 304 ) (2176 1344 304 ) (2176 1344 640 ) 
4 30 91 (2048 1344 672 ) (2048 1344 640 ) (2176 1344 640 ) (2176 1344 672 ) 
4 30 76 (2048 1344 688 ) (2048 1344 672 ) (2176 1344 672 ) (2176 1344 688 ) 
4 30 56 (2048 1344 1088 ) (2048 1344 688 ) (2176 1344 688 ) (2176 1344 1088 ) 
4 30 45 (2176 1344 304 ) (2048 1344 304 ) (2048 1408 304 ) (2176 1408 304 ) 
4 31 100 (3072 1344 80 ) (3072 1344 304 ) (2832 1344 304 ) (2832 1344 80 ) 
4 31 34 (3072 1344 80 ) (2848 1344 80 ) (2848 1408 80 ) (3072 1408 80 ) 
4 31 32 (2832 1344 96 ) (2832 1344 304 ) (2832 1408 304 ) (2832 1408 96 ) 
4 32 100 (2832 1344 304 ) (2816 1344 304 ) (2816 1344 96 ) (2832 1344 96 ) 
4 32 33 (2816 1344 112 ) (2816 1344 304 ) (2816 1408 304 ) (2816 1408 112 ) 
4 33 100 (2816 1344 304 ) (2800 1344 304 ) (2800 1344 112 ) (2816 1344 112 ) 
4 33 35 (2800 1344 128 ) (2800 1344 304 ) (2800 1408 304 ) (2800 1408 128 ) 
4 34 100 (3072 1344 64 ) (3072 1344 80 ) (2848 1344 80 ) (2848 1344 64 ) 
4 35 100 (2800 1344 304 ) (2784 1344 304 ) (2784 1344 128 ) (2800 1344 128 ) 
4 35 36 (2784 1344 144 ) (2784 1344 304 ) (2784 1408 304 ) (2784 1408 144 ) 
4 36 100 (2784 1344 304 ) (2768 1344 304 ) (2768 1344 144 ) (2784 1344 144 ) 
4 36 37 (2768 1344 160 ) (2768 1344 304 ) (2768 1408 304 ) (2768 1408 160 ) 
4 37 100 (2768 1344 304 ) (2752 1344 304 ) (2752 1344 160 ) (2768 1344 160 ) 
4 37 38 (2752 1344 176 ) (2752 1344 304 ) (2752 1408 304 ) (2752 1408 176 ) 
4 38 100 (2752 1344 304 ) (2736 1344 304 ) (2736 1344 176 ) (2752 1344 176 ) 
4 38 39 (2736 1344 192 ) (2736 1344 304 ) (2736 1408 304 ) (2736 1408 192 ) 
4 39 100 (2736 1344 304 ) (2720 1344 304 ) (2720 1344 192 ) (2736 1344 192 ) 
4 39 40 (2720 1344 208 ) (2720 1344 304 ) (2720 1408 304 ) (2720 1408 208 ) 
4 40 100 (2720 1344 304 ) (2704 1344 304 ) (2704 1344 208 ) (2720 1344 208 ) 
4 40 41 (2704 1344 224 ) (2704 1344 304 ) (2704 1408 304 ) (2704 1408 224 ) 
4 41 100 (2704 1344 304 ) (2688 1344 304 ) (2688 1344 224 ) (2704 1344 224 ) 
4 41 42 (2688 1344 240 ) (2688 1344 304 ) (2688 1408 304 ) (2688 1408 240 ) 
4 42 100 (2688 1344 304 ) (2672 1344 304 ) (2672 1344 240 ) (2688 1344 240 ) 
4 42 43 (2672 1344 256 ) (2672 1344 304 ) (2672 1408 304 ) (2672 1408 256 ) 
4 43 100 (2672 1344 304 ) (2656 1344 304 ) (2656 1344 256 ) (2672 1344 256 ) 
4 43 46 (2656 1344 272 ) (2656 1344 288 ) (2656 1408 288 ) (2656 1408 272 ) 
4 43 44 (2656 1344 288 ) (2656 1344 304 ) (2656 1408 304 ) (2656 1408 288 ) 
4 44 100 (2656 1344 304 ) (2624 1344 304 ) (2624 1344 288 ) (2656 1344 288 ) 
4 44 46 (2640 1408 288 ) (2656 1408 288 ) (2656 1344 288 ) (2640 1344 288 ) 
4 45 108 (2048 1344 288 ) (2048 1344 304 ) (2048 1408 304 ) (2048 1408 288 ) 
4 45 101 (2176 1344 304 ) (2048 1344 304 ) (2048 1344 288 ) (2176 1344 288 ) 
4 45 47 (2048 1408 288 ) (2176 1408 288 ) (2176 1344 288 ) (2048 1344 288 ) 
4 46 100 (2640 1344 272 ) (2656 1344 272 ) (2656 1344 288 ) (2640 1344 288 ) 
4 47 108 (2048 1344 272 ) (2048 1344 288 ) (2048 1408 288 ) (2048 1408 272 ) 
4 47 101 (2048 1344 288 ) (2048 1344 272 ) (2176 1344 272 ) (2176 1344 288 ) 
4 47 48 (2048 1408 272 ) (2176 1408 272 ) (2176 1344 272 ) (2048 1344 272 ) 
4 48 108 (2048 1344 64 ) (2048 1344 272 ) (2048 1408 272 ) (2048 1408 64 ) 
4 48 101 (2048 1344 272 ) (2048 1344 64 ) (2176 1344 64 ) (2176 1344 272 ) 
4 49 51 (2432 1152 704 ) (2432 1152 1088 ) (2432 1344 1088 ) (2432 1344 704 ) 
4 49 50 (2432 1152 1088 ) (2432 1152 704 ) (3072 1152 704 ) (3072 1152 1088 ) 
4 50 104 (3072 1024 640 ) (3072 1024 1088 ) (2432 1024 1088 ) (2432 1024 640 ) 
4 50 93 (3072 1152 640 ) (3072 1024 640 ) (2432 1024 640 ) (2432 1152 640 ) 
4 50 84 (2432 1152 640 ) (2432 1024 640 ) (2432 1024 656 ) (2432 1152 656 ) 
4 50 78 (2432 1024 656 ) (2432 1024 672 ) (2432 1152 672 ) (2432 1152 656 ) 
4 50 68 (2432 1024 672 ) (2432 1024 688 ) (2432 1152 688 ) (2432 1152 672 ) 
4 50 52 (2432 1024 688 ) (2432 1024 704 ) (2432 1152 704 ) (2432 1152 688 ) 
4 50 51 (2432 1024 704 ) (2432 1024 1088 ) (2432 1152 1088 ) (2432 1152 704 ) 
4 51 104 (2432 1024 1088 ) (2240 1024 1088 ) (2240 1024 704 ) (2432 1024 704 ) 
3 51 55 (2432 1279.961304 704 ) (2432 1231.941040 704 ) (2430.479980 1232 704 ) 
4 51 54 (2240 1239.367310 704 ) (2240 1287.387451 704 ) (2417.519775 1280.521362 704 ) (2416 1232.559937 704 ) 
4 51 53 (2240 1287.387451 704 ) (2240 1344 704 ) (2432 1344 704 ) (2432 1279.961304 704 ) 
4 51 52 (2240 1024 704 ) (2240 1239.367310 704 ) (2432 1231.941040 704 ) (2432 1024 704 ) 
4 52 104 (2240 1024 704 ) (2240 1024 688 ) (2432 1024 688 ) (2432 1024 704 ) 
4 52 74 (2366.320068 1231.469971 688 ) (2366.302490 1230.968750 688 ) (2351.989990 1231.469971 688 ) (2352.007568 1231.971191 688 ) 
4 52 73 (2240 1235.392456 688 ) (2240 1239.367310 688 ) (2336.126221 1235.649292 688 ) (2336 1232.030029 688 ) 
4 52 72 (2359.054443 1024 688 ) (2240 1024 688 ) (2240 1235.392456 688 ) (2366.302490 1230.968750 688 ) 
4 52 68 (2432 1231.941040 688 ) (2432 1024 688 ) (2409.391602 1024 688 ) (2416 1232.559937 688 ) 
4 52 67 (2366.360352 1232.623413 688 ) (2366.425293 1234.477417 688 ) (2368.058594 1234.414185 688 ) (2368 1232.560059 688 ) 
4 52 65 (2375.889160 1024 688 ) (2359.054443 1024 688 ) (2366.360352 1232.623413 688 ) (2382.479736 1232 688 ) 
4 52 64 (2414.499512 1232.617920 688 ) (2416 1232.559937 688 ) (2415.980469 1231.941895 688 ) (2414.479980 1232 688 ) 
4 52 62 (2409.391602 1024 688 ) (2393.391357 1024 688 ) (2400 1232.560059 688 ) (2415.980469 1231.941895 688 ) 
4 52 61 (2398.519287 1233.235962 688 ) (2400.019531 1233.177979 688 ) (2399.980469 1231.942017 688 ) (2398.480225 1232 688 ) 
4 52 60 (2382.499512 1232.618164 688 ) (2382.538574 1233.854126 688 ) (2384.039063 1233.796143 688 ) (2384 1232.560181 688 ) 
4 52 58 (2393.391357 1024 688 ) (2375.889160 1024 688 ) (2382.499512 1232.618164 688 ) (2399.980469 1231.942017 688 ) 
4 52 55 (2432 1231.941162 688 ) (2430.479980 1232 688 ) (2430.479980 1232 704 ) (2432 1231.941284 704 ) 
4 52 54 (2416 1232.560059 688 ) (2240 1239.367432 688 ) (2240 1239.367432 704 ) (2416 1232.560181 704 ) 
4 53 71 (2240 1344 688 ) (2370.260742 1344 688 ) (2368.104736 1282.432617 688 ) (2240 1287.387451 688 ) 
4 53 69 (2419.531250 1344 688 ) (2432 1344 688 ) (2432 1279.961304 688 ) (2417.519775 1280.521362 688 ) 
4 53 66 (2370.260742 1344 688 ) (2386.029053 1344 688 ) (2384.058594 1281.815552 688 ) (2368.104736 1282.432617 688 ) 
4 53 63 (2403.531250 1344 688 ) (2419.531250 1344 688 ) (2417.519775 1280.521362 688 ) (2401.539307 1281.139404 688 ) 
4 53 59 (2386.029053 1344 688 ) (2403.531250 1344 688 ) (2401.539307 1281.139404 688 ) (2384.058594 1281.815552 688 ) 
4 53 54 (2417.519775 1280.521362 704 ) (2240 1287.387573 704 ) (2240 1287.387573 688 ) (2417.519775 1280.521484 688 ) 
4 54 75 (2337.670166 1280.006470 688 ) (2337.687500 1280.501709 688 ) (2352.009766 1280 688 ) (2351.992432 1279.505127 688 ) 
4 54 73 (2336.126221 1235.649292 688 ) (2240 1239.367310 688 ) (2240 1283.923340 688 ) (2337.687500 1280.501709 688 ) 
4 54 71 (2240 1283.923340 688 ) (2240 1287.387451 688 ) (2368.104736 1282.432617 688 ) (2368 1279.439941 688 ) 
4 54 67 (2368.058594 1234.414185 688 ) (2366.425293 1234.477417 688 ) (2368.040039 1280.587280 688 ) (2369.520020 1280.530029 688 ) 
4 54 66 (2368.040039 1280.587280 688 ) (2368.104736 1282.432617 688 ) (2384.058594 1281.815552 688 ) (2384 1279.969849 688 ) 
4 54 64 (2416 1232.559937 688 ) (2414.499512 1232.617920 688 ) (2416 1279.969849 688 ) (2417.500488 1279.911865 688 ) 
4 54 63 (2401.520020 1280.530029 688 ) (2401.539307 1281.139404 688 ) (2417.519775 1280.521362 688 ) (2417.500488 1279.911865 688 ) 
4 54 61 (2400.019531 1233.177979 688 ) (2398.519287 1233.235962 688 ) (2400 1279.969971 688 ) (2401.500488 1279.911987 688 ) 
4 54 60 (2384.039063 1233.796143 688 ) (2382.538574 1233.854126 688 ) (2384.019775 1280.588013 688 ) (2385.520264 1280.530029 688 ) 
4 54 59 (2384.019775 1280.588013 688 ) (2384.058594 1281.815552 688 ) (2401.539307 1281.139404 688 ) (2401.500488 1279.911987 688 ) 
3 55 70 (2432 1279.961304 688 ) (2432 1231.941040 688 ) (2430.479980 1232 688 ) 
4 56 108 (2048 1216 1088 ) (2048 1344 1088 ) (2048 1344 688 ) (2048 1216 688 ) 
4 56 76 (2048 1216 688 ) (2048 1344 688 ) (2176 1344 688 ) (2176 1216 688 ) 
4 56 57 (2048 1216 688 ) (2176 1216 688 ) (2176 1216 1088 ) (2048 1216 1088 ) 
4 57 108 (2048 1024 688 ) (2048 1024 1088 ) (2048 1216 1088 ) (2048 1216 688 ) 
4 57 105 (2176 1024 1088 ) (2048 1024 1088 ) (2048 1024 688 ) (2176 1024 688 ) 
4 57 77 (2048 1024 688 ) (2048 1216 688 ) (2176 1216 688 ) (2176 1024 688 ) 
4 58 104 (2375.889160 1024 672 ) (2393.391357 1024 672 ) (2393.391357 1024 688 ) (2375.889160 1024 688 ) 
4 58 81 (2399.980469 1231.941895 672 ) (2399.894531 1229.231689 672 ) (2382.411865 1229.843872 672 ) (2382.499756 1232.618042 672 ) 
4 58 78 (2399.894531 1229.231689 672 ) (2393.391357 1024 672 ) (2375.889160 1024 672 ) (2382.411865 1229.843872 672 ) 
4 58 65 (2382.479492 1232 672 ) (2375.888428 1024 672 ) (2375.888428 1024 688 ) (2382.479492 1232 688 ) 
4 58 62 (2393.390625 1024 672 ) (2399.979736 1231.942017 672 ) (2399.979736 1231.942017 688 ) (2393.390625 1024 688 ) 
4 58 61 (2399.976563 1231.942261 688 ) (2399.976563 1231.942261 672 ) (2398.479980 1232 672 ) (2398.479980 1232 688 ) 
4 58 60 (2384 1232.560181 672 ) (2382.501709 1232.618164 672 ) (2382.501709 1232.618164 688 ) (2384 1232.560181 688 ) 
4 59 79 (2386.029053 1344 672 ) (2403.531250 1344 672 ) (2401.500488 1279.911865 672 ) (2384.019775 1280.588013 672 ) 
4 59 66 (2386.028320 1344 672 ) (2384.019043 1280.588013 672 ) (2384.019043 1280.588013 688 ) (2386.028320 1344 688 ) 
4 59 63 (2401.519287 1280.530029 672 ) (2403.530518 1344 672 ) (2403.530518 1344 688 ) (2401.519287 1280.530029 688 ) 
4 59 61 (2400 1279.970215 672 ) (2401.500000 1279.912231 672 ) (2401.500000 1279.912231 688 ) (2400 1279.970215 688 ) 
4 59 60 (2384.021484 1280.588257 688 ) (2384.021484 1280.588257 672 ) (2385.520264 1280.530273 672 ) (2385.520264 1280.530273 688 ) 
4 60 81 (2384 1232.560059 672 ) (2382.499756 1232.618042 672 ) (2383.949951 1278.386597 672 ) (2385.450684 1278.334106 672 ) 
4 60 79 (2383.949951 1278.386597 672 ) (2384.019775 1280.588013 672 ) (2385.520264 1280.530029 672 ) (2385.450684 1278.334106 672 ) 
4 60 66 (2384.019043 1280.588013 672 ) (2384 1279.969849 672 ) (2384 1279.969849 688 ) (2384.019043 1280.588013 688 ) 
4 61 81 (2401.432861 1277.774658 672 ) (2399.980469 1231.941895 672 ) (2398.480225 1232 672 ) (2399.932373 1277.827148 672 ) 
4 61 79 (2401.500488 1279.911865 672 ) (2401.432861 1277.774658 672 ) (2399.932373 1277.827148 672 ) (2400 1279.969849 672 ) 
4 61 62 (2399.979736 1231.942017 672 ) (2400 1232.560181 672 ) (2400 1232.560181 688 ) (2399.979736 1231.942017 688 ) 
4 62 104 (2393.391357 1024 672 ) (2409.391602 1024 672 ) (2409.391602 1024 688 ) (2393.391357 1024 688 ) 
4 62 81 (2415.980469 1231.941895 672 ) (2415.876953 1228.671875 672 ) (2399.894531 1229.231689 672 ) (2400 1232.560059 672 ) 
4 62 78 (2415.876953 1228.671875 672 ) (2409.391602 1024 672 ) (2393.391357 1024 672 ) (2399.894531 1229.231689 672 ) 
4 62 68 (2409.390869 1024 672 ) (2415.979980 1231.942017 672 ) (2415.979980 1231.942017 688 ) (2409.390869 1024 688 ) 
4 62 64 (2415.980469 1231.942261 688 ) (2415.980469 1231.942261 672 ) (2414.479980 1232 672 ) (2414.479980 1232 688 ) 
4 63 79 (2403.531250 1344 672 ) (2419.531250 1344 672 ) (2417.500488 1279.911865 672 ) (2401.520020 1280.529907 672 ) 
4 63 69 (2417.519287 1280.521362 672 ) (2419.530762 1344 672 ) (2419.530762 1344 688 ) (2417.519287 1280.521362 688 ) 
4 63 64 (2416 1279.970215 672 ) (2417.500244 1279.912231 672 ) (2417.500244 1279.912231 688 ) (2416 1279.970215 688 ) 
4 64 81 (2417.415039 1277.215210 672 ) (2415.980469 1231.941895 672 ) (2414.479980 1232 672 ) (2415.914551 1277.267700 672 ) 
4 64 79 (2417.500488 1279.911865 672 ) (2417.415039 1277.215210 672 ) (2415.914551 1277.267700 672 ) (2416 1279.969849 672 ) 
4 64 68 (2415.979980 1231.942017 672 ) (2416 1232.560181 672 ) (2416 1232.560181 688 ) (2415.979980 1231.942017 688 ) 
4 65 104 (2359.054443 1024 672 ) (2375.889160 1024 672 ) (2375.889160 1024 688 ) (2359.054443 1024 688 ) 
4 65 81 (2382.479980 1232 672 ) (2382.411621 1229.843994 672 ) (2366.282715 1230.408936 672 ) (2366.360352 1232.623535 672 ) 
4 65 78 (2382.411621 1229.843994 672 ) (2375.889160 1024 672 ) (2359.054443 1024 672 ) (2366.282715 1230.408936 672 ) 
4 65 74 (2366.319580 1231.469971 672 ) (2366.302002 1230.968628 672 ) (2366.302002 1230.968628 688 ) (2366.319580 1231.469971 688 ) 
4 65 72 (2366.302002 1230.968628 672 ) (2359.053711 1024 672 ) (2359.053711 1024 688 ) (2366.302002 1230.968628 688 ) 
4 65 67 (2368 1232.560425 672 ) (2366.362061 1232.623779 672 ) (2366.362061 1232.623779 688 ) (2368 1232.560425 688 ) 
4 66 79 (2370.260742 1344 672 ) (2386.029053 1344 672 ) (2384 1279.969849 672 ) (2368.040039 1280.587158 672 ) 
4 66 71 (2370.260254 1344 672 ) (2368.039551 1280.587158 672 ) (2368.039551 1280.587158 688 ) (2370.260254 1344 688 ) 
4 66 67 (2368.041504 1280.587402 688 ) (2368.041504 1280.587402 672 ) (2369.520020 1280.530273 672 ) (2369.520020 1280.530273 688 ) 
4 67 81 (2368 1232.560059 672 ) (2366.360352 1232.623535 672 ) (2367.982666 1278.945435 672 ) (2369.468262 1278.893555 672 ) 
4 67 79 (2367.982666 1278.945435 672 ) (2368.040039 1280.587158 672 ) (2369.520020 1280.529907 672 ) (2369.468262 1278.893555 672 ) 
4 67 71 (2368.039551 1280.587158 672 ) (2368 1279.440063 672 ) (2368 1279.440063 688 ) (2368.039551 1280.587158 688 ) 
4 68 104 (2409.391602 1024 672 ) (2432 1024 672 ) (2432 1024 688 ) (2409.391602 1024 688 ) 
4 68 81 (2432 1231.941040 672 ) (2432 1228.107178 672 ) (2415.876709 1228.671875 672 ) (2416 1232.559937 672 ) 
4 68 78 (2432 1228.107178 672 ) (2432 1024 672 ) (2409.391602 1024 672 ) (2415.876709 1228.671875 672 ) 
4 68 70 (2432 1231.941406 672 ) (2430.479980 1232 672 ) (2430.479980 1232 688 ) (2432 1231.941406 688 ) 
4 69 79 (2419.531250 1344 672 ) (2432 1344 672 ) (2432 1279.961304 672 ) (2417.519775 1280.521240 672 ) 
3 70 81 (2432 1279.961304 672 ) (2432 1231.941040 672 ) (2430.479980 1232 672 ) 
4 71 79 (2240 1344 672 ) (2370.260742 1344 672 ) (2368 1279.440063 672 ) (2240 1283.923340 672 ) 
4 71 75 (2337.687500 1280.501709 672 ) (2352.009766 1280 672 ) (2352.009766 1280 688 ) (2337.687500 1280.501709 688 ) 
4 71 73 (2240 1283.923218 688 ) (2240 1283.923218 672 ) (2337.687500 1280.501709 672 ) (2337.687500 1280.501709 688 ) 
4 72 104 (2240 1024 672 ) (2359.054443 1024 672 ) (2359.054443 1024 688 ) (2240 1024 688 ) 
4 72 82 (2351.970459 1230.910278 672 ) (2335.989746 1231.469971 672 ) (2336.009521 1232.029663 672 ) (2351.989990 1231.469971 672 ) 
4 72 81 (2366.302246 1230.968628 672 ) (2366.282715 1230.408936 672 ) (2351.970459 1230.910278 672 ) (2351.989990 1231.469971 672 ) 
4 72 80 (2320 1232.030029 672 ) (2240 1234.832031 672 ) (2240 1235.392456 672 ) (2320.019287 1232.589722 672 ) 
4 72 78 (2366.282715 1230.408936 672 ) (2359.054443 1024 672 ) (2240 1024 672 ) (2240 1234.832031 672 ) 
4 72 74 (2366.304688 1230.968750 688 ) (2366.304688 1230.968750 672 ) (2351.989990 1231.470093 672 ) (2351.989990 1231.470093 688 ) 
4 72 73 (2336 1232.030151 672 ) (2240 1235.392700 672 ) (2240 1235.392700 688 ) (2336 1232.030151 688 ) 
4 73 83 (2321.669678 1280 672 ) (2321.689453 1280.565796 672 ) (2337.670166 1280.006470 672 ) (2337.650391 1279.440674 672 ) 
4 73 80 (2320.019287 1232.589722 672 ) (2240 1235.392456 672 ) (2240 1283.425293 672 ) (2321.689453 1280.565796 672 ) 
4 73 79 (2240 1283.425293 672 ) (2240 1283.923340 672 ) (2337.687500 1280.501831 672 ) (2337.670166 1280.006470 672 ) 
4 73 75 (2337.669678 1280.006470 672 ) (2337.687012 1280.502808 672 ) (2337.687012 1280.502808 688 ) (2337.669678 1280.006470 688 ) 
4 74 81 (2366.319824 1231.469971 672 ) (2366.302246 1230.968628 672 ) (2351.989990 1231.469971 672 ) (2352.007568 1231.971191 672 ) 
4 75 79 (2337.670166 1280.006470 672 ) (2337.687500 1280.501831 672 ) (2352.009766 1280 672 ) (2351.992432 1279.505127 672 ) 
4 76 108 (2048 1216 688 ) (2048 1344 688 ) (2048 1344 672 ) (2048 1216 672 ) 
4 76 91 (2048 1344 672 ) (2176 1344 672 ) (2176 1216 672 ) (2048 1216 672 ) 
4 76 77 (2048 1216 672 ) (2176 1216 672 ) (2176 1216 688 ) (2048 1216 688 ) 
4 77 108 (2048 1024 672 ) (2048 1024 688 ) (2048 1216 688 ) (2048 1216 672 ) 
4 77 105 (2048 1024 688 ) (2048 1024 672 ) (2176 1024 672 ) (2176 1024 688 ) 
4 77 92 (2176 1024 672 ) (2048 1024 672 ) (2048 1216 672 ) (2176 1216 672 ) 
4 78 104 (2432 1024 656 ) (2432 1024 672 ) (2240 1024 672 ) (2240 1024 656 ) 
4 78 90 (2240 1234.213135 656 ) (2240 1234.832153 656 ) (2302.351563 1232.648193 656 ) (2302.330078 1232.030029 656 ) 
4 78 88 (2240 1024 656 ) (2240 1234.213135 656 ) (2318.320068 1231.469971 656 ) (2311.054443 1024 656 ) 
4 78 84 (2318.341797 1232.088135 656 ) (2432 1228.107178 656 ) (2432 1024 656 ) (2311.054443 1024 656 ) 
4 78 82 (2351.970459 1230.910278 656 ) (2335.989746 1231.469971 656 ) (2335.989746 1231.469971 672 ) (2351.970459 1230.910278 672 ) 
4 78 81 (2432 1228.107178 656 ) (2351.970459 1230.910278 656 ) (2351.970459 1230.910278 672 ) (2432 1228.107178 672 ) 
4 78 80 (2320 1232.030029 656 ) (2240 1234.832031 656 ) (2240 1234.832031 672 ) (2320 1232.030029 672 ) 
4 79 89 (2240 1283.425293 656 ) (2240 1344 656 ) (2322.260742 1344 656 ) (2320.041504 1280.623657 656 ) 
4 79 85 (2322.260742 1344 656 ) (2432 1344 656 ) (2432 1276.704712 656 ) (2320.041504 1280.623657 656 ) 
4 79 83 (2321.689453 1280.565918 656 ) (2337.689697 1280.005859 656 ) (2337.689697 1280.005859 672 ) (2321.689453 1280.565918 672 ) 
4 79 81 (2353.670166 1279.446411 656 ) (2432 1276.704590 656 ) (2432 1276.704590 672 ) (2353.670166 1279.446411 672 ) 
4 79 80 (2240 1283.425293 672 ) (2240 1283.425293 656 ) (2321.689453 1280.565918 656 ) (2321.689453 1280.565918 672 ) 
4 80 90 (2240 1234.832153 656 ) (2240 1282.242065 656 ) (2304.009766 1280 656 ) (2302.351563 1232.648193 656 ) 
4 80 89 (2240 1282.242065 656 ) (2240 1283.425293 656 ) (2320.041504 1280.623657 656 ) (2320 1279.440063 656 ) 
4 80 86 (2321.669678 1280 656 ) (2320 1232.030029 656 ) (2318.341797 1232.088135 656 ) (2320.021729 1280.057739 656 ) 
4 80 85 (2320.041504 1280.623657 656 ) (2321.689453 1280.565918 656 ) (2321.669678 1280 656 ) (2320.021729 1280.057739 656 ) 
4 80 83 (2321.669434 1280 656 ) (2321.689209 1280.568359 656 ) (2321.689209 1280.568359 672 ) (2321.669434 1280 672 ) 
4 81 87 (2432 1276.138184 656 ) (2432 1228.107178 656 ) (2351.970459 1230.910278 656 ) (2353.650391 1278.880615 656 ) 
4 81 85 (2353.670166 1279.446533 656 ) (2432 1276.704712 656 ) (2432 1276.138184 656 ) (2353.650391 1278.880615 656 ) 
4 81 82 (2351.989502 1231.469971 656 ) (2351.969971 1230.912231 656 ) (2351.969971 1230.912231 672 ) (2351.989502 1231.469971 672 ) 
4 82 87 (2351.989990 1231.469971 656 ) (2351.970459 1230.910278 656 ) (2335.989746 1231.469971 656 ) (2336.009277 1232.029663 656 ) 
4 83 85 (2321.689453 1280.565918 656 ) (2337.689697 1280.005859 656 ) (2337.669922 1279.440063 656 ) (2321.669678 1280 656 ) 
4 84 104 (2311.054443 1024 640 ) (2432 1024 640 ) (2432 1024 656 ) (2311.054443 1024 656 ) 
4 84 97 (2432 1228.107178 640 ) (2432 1227.546753 640 ) (2319.990234 1231.469849 640 ) (2320.009766 1232.029663 640 ) 
4 84 95 (2432 1227.546753 640 ) (2432 1226.990356 640 ) (2318.317139 1231.387451 640 ) (2318.322021 1231.528320 640 ) 
4 84 93 (2432 1226.990356 640 ) (2432 1024 640 ) (2311.054443 1024 640 ) (2318.317139 1231.387451 640 ) 
4 84 88 (2311.053711 1024 656 ) (2318.319336 1231.469971 656 ) (2318.319336 1231.469971 640 ) (2311.053711 1024 640 ) 
4 84 87 (2335.989990 1231.469849 656 ) (2432 1228.107056 656 ) (2432 1228.107056 640 ) (2335.989990 1231.469849 640 ) 
4 84 86 (2318.341797 1232.088013 640 ) (2318.341797 1232.088013 656 ) (2320 1232.029907 656 ) (2320 1232.029907 640 ) 
4 85 94 (2322.260742 1344 640 ) (2432 1344 640 ) (2432 1276.138184 640 ) (2320.021484 1280.057739 640 ) 
4 85 89 (2320.020996 1280.057861 656 ) (2322.260254 1344 656 ) (2322.260254 1344 640 ) (2320.020996 1280.057861 640 ) 
4 85 87 (2337.669922 1279.440186 640 ) (2432 1276.138306 640 ) (2432 1276.138306 656 ) (2337.669922 1279.440186 656 ) 
4 85 86 (2320.021484 1280.057983 656 ) (2320.021484 1280.057983 640 ) (2321.669922 1280 640 ) (2321.669922 1280 656 ) 
4 86 94 (2320.001953 1279.498291 640 ) (2320.021484 1280.057739 640 ) (2321.669922 1280 640 ) (2321.650391 1279.440674 640 ) 
4 86 89 (2320 1279.440063 656 ) (2320.020996 1280.057861 656 ) (2320.020996 1280.057861 640 ) (2320 1279.440063 640 ) 
4 87 97 (2432 1275.578003 640 ) (2432 1228.107178 640 ) (2335.989990 1231.469971 640 ) (2337.650391 1278.880493 640 ) 
4 87 94 (2432 1276.138184 640 ) (2432 1275.578003 640 ) (2337.650391 1278.880493 640 ) (2337.669922 1279.439941 640 ) 
4 88 104 (2240 1024 640 ) (2311.054443 1024 640 ) (2311.054443 1024 656 ) (2240 1024 656 ) 
4 88 99 (2288 1024 640 ) (2240 1024 640 ) (2240 1232 640 ) (2288 1232 640 ) 
4 88 93 (2318.320068 1231.469971 640 ) (2311.054443 1024 640 ) (2288 1024 640 ) (2288 1232.531982 640 ) 
4 88 90 (2302.330078 1232.030029 640 ) (2240 1234.213379 640 ) (2240 1234.213379 656 ) (2302.330078 1232.030029 656 ) 
4 89 94 (2288 1344 640 ) (2322.260742 1344 640 ) (2320 1279.440063 640 ) (2288 1280.560913 640 ) 
4 89 90 (2304.009766 1280 656 ) (2240 1282.241943 656 ) (2240 1282.241943 640 ) (2304.009766 1280 640 ) 
3 90 98 (2288 1232.531982 640 ) (2288 1280.560913 640 ) (2289.519287 1280.507690 640 ) 
4 91 108 (2048 1216 672 ) (2048 1344 672 ) (2048 1344 640 ) (2048 1216 640 ) 
4 91 101 (2048 1216 640 ) (2048 1344 640 ) (2176 1344 640 ) (2176 1216 640 ) 
4 91 92 (2048 1216 640 ) (2176 1216 640 ) (2176 1216 672 ) (2048 1216 672 ) 
4 92 108 (2048 1024 640 ) (2048 1024 672 ) (2048 1216 672 ) (2048 1216 640 ) 
4 92 105 (2048 1024 672 ) (2048 1024 640 ) (2176 1024 640 ) (2176 1024 672 ) 
4 92 103 (2048 1024 640 ) (2048 1216 640 ) (2176 1216 640 ) (2176 1024 640 ) 
4 93 104 (3072 1024 624 ) (3072 1024 640 ) (2288 1024 640 ) (2288 1024 624 ) 
4 93 100 (3072 1202.236450 624 ) (3072 1024 624 ) (2288 1024 624 ) (2288 1232.560059 624 ) 
4 93 99 (2288 1232 624 ) (2288 1024 624 ) (2288 1024 640 ) (2288 1232 640 ) 
4 93 95 (3072 1202.236572 624 ) (2302.479980 1232 624 ) (2302.479980 1232 640 ) (3072 1202.236572 640 ) 
4 94 100 (2288 1344 624 ) (3072 1344 624 ) (3072 1253.175537 624 ) (2288 1280.618530 624 ) 
4 94 98 (2288 1280.618408 640 ) (2288 1280.618408 624 ) (2289.520996 1280.565186 624 ) (2289.520996 1280.565186 640 ) 
4 94 97 (2321.670166 1279.439819 624 ) (3072 1253.175537 624 ) (3072 1253.175415 640 ) (2321.670166 1279.439819 640 ) 
4 94 96 (2304.002686 1280.058228 624 ) (2305.669922 1280 624 ) (2305.669922 1280 640 ) (2304.002686 1280.058228 640 ) 
4 95 100 (3072 1205.130493 624 ) (3072 1202.236450 624 ) (2302.479980 1232 624 ) (2302.482666 1232.083130 624 ) 
4 95 97 (3072 1205.130127 624 ) (2319.990234 1231.469971 624 ) (2319.990234 1231.469971 640 ) (3072 1205.130371 640 ) 
4 95 96 (2304 1232.030029 624 ) (2302.484375 1232.083130 624 ) (2302.484375 1232.083130 640 ) (2304 1232.030029 640 ) 
4 96 100 (2304 1232.030029 624 ) (2302.482666 1232.083130 624 ) (2304.002686 1280.058350 624 ) (2305.669922 1280 624 ) 
4 97 100 (3072 1253.175537 624 ) (3072 1205.130493 624 ) (2319.990234 1231.469971 624 ) (2321.670166 1279.439941 624 ) 
3 98 100 (2288 1232.560059 624 ) (2288 1280.618530 624 ) (2289.520996 1280.565308 624 ) 
4 99 104 (2288 1024 640 ) (2240 1024 640 ) (2240 1024 624 ) (2288 1024 624 ) 
4 99 100 (2240 1024 624 ) (2240 1232 624 ) (2288 1232 624 ) (2288 1024 624 ) 
4 100 104 (3072 1024 64 ) (3072 1024 624 ) (2240 1024 624 ) (2240 1024 64 ) 
4 100 102 (2240 1024 64 ) (2240 1024 448 ) (2240 1216 448 ) (2240 1216 64 ) 
4 101 108 (2048 1216 640 ) (2048 1344 640 ) (2048 1344 64 ) (2048 1216 64 ) 
4 101 103 (2048 1216 64 ) (2176 1216 64 ) (2176 1216 640 ) (2048 1216 640 ) 
4 102 103 (2176 1216 448 ) (2176 1216 64 ) (2176 1024 64 ) (2176 1024 448 ) 
4 103 108 (2048 1024 64 ) (2048 1024 640 ) (2048 1216 640 ) (2048 1216 64 ) 
4 103 105 (2176 1024 640 ) (2048 1024 640 ) (2048 1024 64 ) (2176 1024 64 ) 
4 104 106 (2240 832 64 ) (3072 832 64 ) (3072 832 1088 ) (2240 832 1088 ) 
4 105 109 (2048 832 1088 ) (2048 1024 1088 ) (2048 1024 64 ) (2048 832 64 ) 
4 106 115 (3072 0 64 ) (3072 0 1088 ) (2240 0 1088 ) (2240 0 64 ) 
4 106 107 (2240 768 64 ) (2240 0 64 ) (2240 0 1088 ) (2240 768 1088 ) 
4 107 115 (2240 0 1088 ) (2048 0 1088 ) (2048 0 64 ) (2240 0 64 ) 
4 107 110 (2048 0 64 ) (2048 0 1088 ) (2048 768 1088 ) (2048 768 64 ) 
4 108 109 (2048 1024 64 ) (2048 1024 1088 ) (1664 1024 1088 ) (1664 1024 64 ) 
4 110 117 (2048 0 64 ) (2048 0 1088 ) (1664 0 1088 ) (1664 0 64 ) 
4 111 115 (3072 0 1088 ) (3072 0 64 ) (3072 -1024 64 ) (3072 -1024 1088 ) 
4 111 112 (3072 -1024 1088 ) (3072 -1024 64 ) (3712 -1024 64 ) (3712 -1024 1088 ) 
4 112 116 (3072 -2048 64 ) (3072 -2048 1088 ) (3072 -1024 1088 ) (3072 -1024 64 ) 
4 113 114 (3136 -2304 64 ) (3136 -2496 64 ) (3136 -2496 448 ) (3136 -2304 448 ) 
4 114 119 (3072 -2304 448 ) (3072 -2304 64 ) (3072 -2496 64 ) (3072 -2496 448 ) 
4 115 117 (2048 0 1088 ) (2048 0 64 ) (2048 -1024 64 ) (2048 -1024 1088 ) 
4 115 116 (3072 -1024 64 ) (3072 -1024 1088 ) (2048 -1024 1088 ) (2048 -1024 64 ) 
4 116 119 (3072 -2048 64 ) (3072 -2048 1088 ) (2048 -2048 1088 ) (2048 -2048 64 ) 
4 116 118 (2048 -2048 64 ) (2048 -2048 1088 ) (2048 -1024 1088 ) (2048 -1024 64 ) 
4 117 118 (2048 -1024 64 ) (2048 -1024 1088 ) (1664 -1024 1088 ) (1664 -1024 64 ) 
4 118 120 (2048 -2048 64 ) (2048 -2048 1088 ) (1664 -2048 1088 ) (1664 -2048 64 ) 
4 119 120 (2048 -2048 1088 ) (2048 -2048 64 ) (2048 -2688 64 ) (2048 -2688 1088 ) 
