


materialPath: C:\Program Files (x86)\Steam\SteamApps\common\Team Fortress 2\tf\materials
Loading C:\Program Files (x86)\Steam\SteamApps\common\Team Fortress 2\tf\maps\dm_themap_jordanstreete_01.vmf
fixing up env_cubemap materials on brush sides...
0...1...2...3...4...5...6...7...8...9...100...1...2...3...4...5...6...7...8...9...10Processing areas...done (0)
Building Faces...done (0)
FixTjuncs...
PruneNodes...
WriteBSP...
done (0)
writing C:\Program Files (x86)\Steam\SteamApps\common\Team Fortress 2\tf\maps\dm_themap_jordanstreete_01.prt...Building visibility clusters...
done (0)
Creating default LDR cubemaps for env_cubemap using skybox materials:
   skybox/sky_day01_01*.vmt
 ! Run buildcubemaps in the engine to get the correct cube maps.
Creating default HDR cubemaps for env_cubemap using skybox materials:
   skybox/sky_day01_01*.vmt
 ! Run buildcubemaps in the engine to get the correct cube maps.
Finding displacement neighbors...
Finding lightmap sample positions...
Displacement Alpha : 0...1...2...3...4...5...6...7...8...9...10
Building Physics collision data...
done (0) (5252 bytes)
Placing detail props : 0...1...2...3...4...5...6...7...8...9...10
Compacting texture/material tables...
Reduced 22 texinfos to 16
Reduced 6 texdatas to 6 (132 bytes to 132)
Writing C:\Program Files (x86)\Steam\SteamApps\common\Team Fortress 2\tf\maps\dm_themap_jordanstreete_01.bsp
0 seconds elapsed



8 threads
reading c:\program files (x86)\steam\steamapps\common\team fortress 2\tf\maps\dm_themap_jordanstreete_01.bsp
reading c:\program files (x86)\steam\steamapps\common\team fortress 2\tf\maps\dm_themap_jordanstreete_01.prt
  30 portalclusters
  51 numportals
0...1...2...3...4...5...6...7...8...9...100...1...2...3...4...5...6...7...8...9...10Optimized: 0 visible clusters (0.00%)
Total clusters visible: 734
Average clusters visible: 24
Building PAS...
Average clusters audible: 30
visdatasize:485  compressed from 480
writing c:\program files (x86)\steam\steamapps\common\team fortress 2\tf\maps\dm_themap_jordanstreete_01.bsp
0 seconds elapsed



[Reading texlights from 'lights.rad']
[34 texlights parsed from 'lights.rad']

Loading c:\program files (x86)\steam\steamapps\common\team fortress 2\tf\maps\dm_themap_jordanstreete_01.bsp
336 faces
234524 square feet [33771520.00 square inches]
0 Displacements
0 Square Feet [0.00 Square Inches]
336 patches before subdivision
21504 patches after subdivision
0 direct lights
0...1...2...3...4...5...6...7...8...9...100...1...2...3...4...5...6...7...8...9...10transfers 3931233, max 528
transfer lists:  30.0 megs
0...1...2...3...4...5...6...7...8...9...10	Bounce #1 added RGB(0, 0, 0)
Build Patch/Sample Hash Table(s).....Done<0.0070 sec>
0...1...2...3...4...5...6...7...8...9...10FinalLightFace Done
0 of 0 (0% of) surface lights went in leaf ambient cubes.
0...1...2...3...4...5...6...7...8...9...10Writing leaf ambient...done
Ready to Finish

Object names       Objects/Maxobjs  Memory / Maxmem  Fullness 
------------       ---------------  ---------------  -------- 
models                   1/1024           48/49152    ( 0.1%) 
brushes                 14/8192          168/98304    ( 0.2%) 
brushsides              84/65536         672/524288   ( 0.1%) 
planes                  68/65536        1360/1310720  ( 0.1%) 
vertexes               389/65536        4668/786432   ( 0.6%) 
nodes                   95/65536        3040/2097152  ( 0.1%) 
texinfos                16/12288        1152/884736   ( 0.1%) 
texdata                  6/2048          192/65536    ( 0.3%) 
dispinfos                0/0               0/0        ( 0.0%) 
disp_verts               0/0               0/0        ( 0.0%) 
disp_tris                0/0               0/0        ( 0.0%) 
disp_lmsamples           0/0               0/0        ( 0.0%) 
faces                  336/65536       18816/3670016  ( 0.5%) 
hdr faces                0/65536           0/3670016  ( 0.0%) 
origfaces               30/65536        1680/3670016  ( 0.0%) 
leaves                  97/65536        3104/2097152  ( 0.1%) 
leaffaces              386/65536         772/131072   ( 0.6%) 
leafbrushes             55/65536         110/131072   ( 0.1%) 
areas                    2/256            16/2048     ( 0.8%) 
surfedges             1587/512000       6348/2048000  ( 0.3%) 
edges                  847/256000       3388/1024000  ( 0.3%) 
LDR worldlights          0/8192            0/720896   ( 0.0%) 
HDR worldlights          0/8192            0/720896   ( 0.0%) 
leafwaterdata            0/32768           0/393216   ( 0.0%) 
waterstrips              7/32768          70/327680   ( 0.0%) 
waterverts               0/65536           0/786432   ( 0.0%) 
waterindices            93/65536         186/131072   ( 0.1%) 
cubemapsamples           0/1024            0/16384    ( 0.0%) 
overlays                 0/512             0/180224   ( 0.0%) 
LDR lightdata         [variable]      591548/0        ( 0.0%) 
HDR lightdata         [variable]           0/0        ( 0.0%) 
visdata               [variable]         485/16777216 ( 0.0%) 
entdata               [variable]        1882/393216   ( 0.5%) 
LDR ambient table       97/65536         388/262144   ( 0.1%) 
HDR ambient table       97/65536         388/262144   ( 0.1%) 
LDR leaf ambient        30/65536         840/1835008  ( 0.0%) 
HDR leaf ambient        97/65536        2716/1835008  ( 0.1%) 
occluders                0/0               0/0        ( 0.0%) 
occluder polygons        0/0               0/0        ( 0.0%) 
occluder vert ind        0/0               0/0        ( 0.0%) 
detail props          [variable]           1/12       ( 8.3%) 
static props          [variable]           1/12       ( 8.3%) 
pakfile               [variable]      105735/0        ( 0.0%) 
physics               [variable]        5252/4194304  ( 0.1%) 
physics terrain       [variable]           2/1048576  ( 0.0%) 

Level flags = 0

Total triangle count: 795
Writing c:\program files (x86)\steam\steamapps\common\team fortress 2\tf\maps\dm_themap_jordanstreete_01.bsp
0 seconds elapsed



materialPath: C:\Program Files (x86)\Steam\SteamApps\common\Team Fortress 2\tf\materials
Loading C:\Program Files (x86)\Steam\SteamApps\common\Team Fortress 2\tf\maps\dm_themap_jordanstreete_01.vmf
fixing up env_cubemap materials on brush sides...
0...1...2...3...4...5...6...7...8...9...100...1...2...3...4...5...6...7...8...9...10Processing areas...done (0)
Building Faces...done (0)
FixTjuncs...
PruneNodes...
WriteBSP...
done (0)
writing C:\Program Files (x86)\Steam\SteamApps\common\Team Fortress 2\tf\maps\dm_themap_jordanstreete_01.prt...Building visibility clusters...
done (0)
Creating default LDR cubemaps for env_cubemap using skybox materials:
   skybox/sky_day01_01*.vmt
 ! Run buildcubemaps in the engine to get the correct cube maps.
Creating default HDR cubemaps for env_cubemap using skybox materials:
   skybox/sky_day01_01*.vmt
 ! Run buildcubemaps in the engine to get the correct cube maps.
Finding displacement neighbors...
Finding lightmap sample positions...
Displacement Alpha : 0...1...2...3...4...5...6...7...8...9...10
Building Physics collision data...
done (0) (6019 bytes)
Placing detail props : 0...1...2...3...4...5...6...7...8...9...10
Compacting texture/material tables...
Reduced 25 texinfos to 19
Reduced 7 texdatas to 7 (155 bytes to 155)
Writing C:\Program Files (x86)\Steam\SteamApps\common\Team Fortress 2\tf\maps\dm_themap_jordanstreete_01.bsp
0 seconds elapsed



8 threads
reading c:\program files (x86)\steam\steamapps\common\team fortress 2\tf\maps\dm_themap_jordanstreete_01.bsp
reading c:\program files (x86)\steam\steamapps\common\team fortress 2\tf\maps\dm_themap_jordanstreete_01.prt
  37 portalclusters
  73 numportals
0...1...2...3...4...5...6...7...8...9...100...1...2...3...4...5...6...7...8...9...10Optimized: 0 visible clusters (0.00%)
Total clusters visible: 1191
Average clusters visible: 32
Building PAS...
Average clusters audible: 37
visdatasize:671  compressed from 592
writing c:\program files (x86)\steam\steamapps\common\team fortress 2\tf\maps\dm_themap_jordanstreete_01.bsp
0 seconds elapsed



[Reading texlights from 'lights.rad']
[34 texlights parsed from 'lights.rad']

Loading c:\program files (x86)\steam\steamapps\common\team fortress 2\tf\maps\dm_themap_jordanstreete_01.bsp
356 faces
240213 square feet [34590720.00 square inches]
0 Displacements
0 Square Feet [0.00 Square Inches]
356 patches before subdivision
22830 patches after subdivision
0 direct lights
0...1...2...3...4...5...6...7...8...9...100...1...2...3...4...5...6...7...8...9...10transfers 4225185, max 542
transfer lists:  32.2 megs
0...1...2...3...4...5...6...7...8...9...10	Bounce #1 added RGB(0, 0, 0)
Build Patch/Sample Hash Table(s).....Done<0.0073 sec>
0...1...2...3...4...5...6...7...8...9...10FinalLightFace Done
0 of 0 (0% of) surface lights went in leaf ambient cubes.
0...1...2...3...4...5...6...7...8...9...10Writing leaf ambient...done
Ready to Finish

Object names       Objects/Maxobjs  Memory / Maxmem  Fullness 
------------       ---------------  ---------------  -------- 
models                   1/1024           48/49152    ( 0.1%) 
brushes                 16/8192          192/98304    ( 0.2%) 
brushsides              96/65536         768/524288   ( 0.1%) 
planes                  80/65536        1600/1310720  ( 0.1%) 
vertexes               421/65536        5052/786432   ( 0.6%) 
nodes                  106/65536        3392/2097152  ( 0.2%) 
texinfos                19/12288        1368/884736   ( 0.2%) 
texdata                  7/2048          224/65536    ( 0.3%) 
dispinfos                0/0               0/0        ( 0.0%) 
disp_verts               0/0               0/0        ( 0.0%) 
disp_tris                0/0               0/0        ( 0.0%) 
disp_lmsamples           0/0               0/0        ( 0.0%) 
faces                  356/65536       19936/3670016  ( 0.5%) 
hdr faces                0/65536           0/3670016  ( 0.0%) 
origfaces               38/65536        2128/3670016  ( 0.1%) 
leaves                 108/65536        3456/2097152  ( 0.2%) 
leaffaces              422/65536         844/131072   ( 0.6%) 
leafbrushes             59/65536         118/131072   ( 0.1%) 
areas                    2/256            16/2048     ( 0.8%) 
surfedges             1723/512000       6892/2048000  ( 0.3%) 
edges                  921/256000       3684/1024000  ( 0.4%) 
LDR worldlights          0/8192            0/720896   ( 0.0%) 
HDR worldlights          0/8192            0/720896   ( 0.0%) 
leafwaterdata            0/32768           0/393216   ( 0.0%) 
waterstrips              7/32768          70/327680   ( 0.0%) 
waterverts               0/65536           0/786432   ( 0.0%) 
waterindices            93/65536         186/131072   ( 0.1%) 
cubemapsamples           0/1024            0/16384    ( 0.0%) 
overlays                 0/512             0/180224   ( 0.0%) 
LDR lightdata         [variable]      656648/0        ( 0.0%) 
HDR lightdata         [variable]           0/0        ( 0.0%) 
visdata               [variable]         671/16777216 ( 0.0%) 
entdata               [variable]        2323/393216   ( 0.6%) 
LDR ambient table      108/65536         432/262144   ( 0.2%) 
HDR ambient table      108/65536         432/262144   ( 0.2%) 
LDR leaf ambient        37/65536        1036/1835008  ( 0.1%) 
HDR leaf ambient       108/65536        3024/1835008  ( 0.2%) 
occluders                0/0               0/0        ( 0.0%) 
occluder polygons        0/0               0/0        ( 0.0%) 
occluder vert ind        0/0               0/0        ( 0.0%) 
detail props          [variable]           1/12       ( 8.3%) 
static props          [variable]           1/12       ( 8.3%) 
pakfile               [variable]      105735/0        ( 0.0%) 
physics               [variable]        6019/4194304  ( 0.1%) 
physics terrain       [variable]           2/1048576  ( 0.0%) 

Level flags = 0

Total triangle count: 859
Writing c:\program files (x86)\steam\steamapps\common\team fortress 2\tf\maps\dm_themap_jordanstreete_01.bsp
0 seconds elapsed



materialPath: C:\Program Files (x86)\Steam\SteamApps\common\Team Fortress 2\tf\materials
Loading C:\Program Files (x86)\Steam\SteamApps\common\Team Fortress 2\tf\maps\dm_themap_jordanstreete_01.vmf
fixing up env_cubemap materials on brush sides...
0...1...2...3...4...5...6...7...8...9...100...1...2...3...4...5...6...7...8...9...10Processing areas...done (0)
Building Faces...done (0)
FixTjuncs...
PruneNodes...
WriteBSP...
done (0)
writing C:\Program Files (x86)\Steam\SteamApps\common\Team Fortress 2\tf\maps\dm_themap_jordanstreete_01.prt...Building visibility clusters...
done (0)
Creating default LDR cubemaps for env_cubemap using skybox materials:
   skybox/sky_day01_01*.vmt
 ! Run buildcubemaps in the engine to get the correct cube maps.
Creating default HDR cubemaps for env_cubemap using skybox materials:
   skybox/sky_day01_01*.vmt
 ! Run buildcubemaps in the engine to get the correct cube maps.
Finding displacement neighbors...
Finding lightmap sample positions...
Displacement Alpha : 0...1...2...3...4...5...6...7...8...9...10
Building Physics collision data...
done (0) (47867 bytes)
Placing detail props : 0...1...2...3...4...5...6...7...8...9...10
Compacting texture/material tables...
Reduced 212 texinfos to 203
Reduced 8 texdatas to 8 (178 bytes to 178)
Writing C:\Program Files (x86)\Steam\SteamApps\common\Team Fortress 2\tf\maps\dm_themap_jordanstreete_01.bsp
0 seconds elapsed



8 threads
reading c:\program files (x86)\steam\steamapps\common\team fortress 2\tf\maps\dm_themap_jordanstreete_01.bsp
reading c:\program files (x86)\steam\steamapps\common\team fortress 2\tf\maps\dm_themap_jordanstreete_01.prt
 127 portalclusters
 421 numportals
0...1...2...3...4...5...6...7...8...9...100...1...2...3...4...5...6...7...8...9...10Optimized: 25 visible clusters (0.19%)
Total clusters visible: 13038
Average clusters visible: 102
Building PAS...
Average clusters audible: 127
visdatasize:5112  compressed from 4064
writing c:\program files (x86)\steam\steamapps\common\team fortress 2\tf\maps\dm_themap_jordanstreete_01.bsp
0 seconds elapsed



[Reading texlights from 'lights.rad']
[34 texlights parsed from 'lights.rad']

Loading c:\program files (x86)\steam\steamapps\common\team fortress 2\tf\maps\dm_themap_jordanstreete_01.bsp
715 faces
240540 square feet [34637820.00 square inches]
0 Displacements
0 Square Feet [0.00 Square Inches]
715 patches before subdivision
23927 patches after subdivision
0 direct lights
0...1...2...3...4...5...6...7...8...9...100...1...2...3...4...5...6...7...8...9...10transfers 6234374, max 812
transfer lists:  47.6 megs
0...1...2...3...4...5...6...7...8...9...10	Bounce #1 added RGB(0, 0, 0)
Build Patch/Sample Hash Table(s).....Done<0.0074 sec>
0...1...2...3...4...5...6...7...8...9...10FinalLightFace Done
0 of 0 (0% of) surface lights went in leaf ambient cubes.
0...1...2...3...4...5...6...7...8...9...10Writing leaf ambient...done
Ready to Finish

Object names       Objects/Maxobjs  Memory / Maxmem  Fullness 
------------       ---------------  ---------------  -------- 
models                   1/1024           48/49152    ( 0.1%) 
brushes                147/8192         1764/98304    ( 1.8%) 
brushsides             947/65536        7576/524288   ( 1.4%) 
planes                 356/65536        7120/1310720  ( 0.5%) 
vertexes               918/65536       11016/786432   ( 1.4%) 
nodes                  267/65536        8544/2097152  ( 0.4%) 
texinfos               203/12288       14616/884736   ( 1.7%) 
texdata                  8/2048          256/65536    ( 0.4%) 
dispinfos                0/0               0/0        ( 0.0%) 
disp_verts               0/0               0/0        ( 0.0%) 
disp_tris                0/0               0/0        ( 0.0%) 
disp_lmsamples           0/0               0/0        ( 0.0%) 
faces                  715/65536       40040/3670016  ( 1.1%) 
hdr faces                0/65536           0/3670016  ( 0.0%) 
origfaces              310/65536       17360/3670016  ( 0.5%) 
leaves                 269/65536        8608/2097152  ( 0.4%) 
leaffaces              832/65536        1664/131072   ( 1.3%) 
leafbrushes            286/65536         572/131072   ( 0.4%) 
areas                    2/256            16/2048     ( 0.8%) 
surfedges             4501/512000      18004/2048000  ( 0.9%) 
edges                 2432/256000       9728/1024000  ( 0.9%) 
LDR worldlights          0/8192            0/720896   ( 0.0%) 
HDR worldlights          0/8192            0/720896   ( 0.0%) 
leafwaterdata            0/32768           0/393216   ( 0.0%) 
waterstrips             31/32768         310/327680   ( 0.1%) 
waterverts               0/65536           0/786432   ( 0.0%) 
waterindices           408/65536         816/131072   ( 0.6%) 
cubemapsamples           0/1024            0/16384    ( 0.0%) 
overlays                 0/512             0/180224   ( 0.0%) 
LDR lightdata         [variable]      711364/0        ( 0.0%) 
HDR lightdata         [variable]           0/0        ( 0.0%) 
visdata               [variable]        5112/16777216 ( 0.0%) 
entdata               [variable]        2324/393216   ( 0.6%) 
LDR ambient table      269/65536        1076/262144   ( 0.4%) 
HDR ambient table      269/65536        1076/262144   ( 0.4%) 
LDR leaf ambient       127/65536        3556/1835008  ( 0.2%) 
HDR leaf ambient       269/65536        7532/1835008  ( 0.4%) 
occluders                0/0               0/0        ( 0.0%) 
occluder polygons        0/0               0/0        ( 0.0%) 
occluder vert ind        0/0               0/0        ( 0.0%) 
detail props          [variable]           1/12       ( 8.3%) 
static props          [variable]           1/12       ( 8.3%) 
pakfile               [variable]      105735/0        ( 0.0%) 
physics               [variable]       47867/4194304  ( 1.1%) 
physics terrain       [variable]           2/1048576  ( 0.0%) 

Level flags = 0

Total triangle count: 1831
Writing c:\program files (x86)\steam\steamapps\common\team fortress 2\tf\maps\dm_themap_jordanstreete_01.bsp
1 second elapsed



materialPath: C:\Program Files (x86)\Steam\SteamApps\common\Team Fortress 2\tf\materials
Loading C:\Program Files (x86)\Steam\SteamApps\common\Team Fortress 2\tf\maps\dm_themap_jordanstreete_01.vmf
fixing up env_cubemap materials on brush sides...
0...1...2...3...4...5...6...7...8...9...100...1...2...3...4...5...6...7...8...9...10Processing areas...done (0)
Building Faces...done (0)
FixTjuncs...
PruneNodes...
WriteBSP...
done (0)
writing C:\Program Files (x86)\Steam\SteamApps\common\Team Fortress 2\tf\maps\dm_themap_jordanstreete_01.prt...Building visibility clusters...
done (0)
Creating default LDR cubemaps for env_cubemap using skybox materials:
   skybox/sky_day01_01*.vmt
 ! Run buildcubemaps in the engine to get the correct cube maps.
Creating default HDR cubemaps for env_cubemap using skybox materials:
   skybox/sky_day01_01*.vmt
 ! Run buildcubemaps in the engine to get the correct cube maps.
Finding displacement neighbors...
Finding lightmap sample positions...
Displacement Alpha : 0...1...2...3...4...5...6...7...8...9...10
Building Physics collision data...
done (0) (47867 bytes)
Placing detail props : 0...1...2...3...4...5...6...7...8...9...10
Compacting texture/material tables...
Reduced 212 texinfos to 203
Reduced 8 texdatas to 8 (178 bytes to 178)
Writing C:\Program Files (x86)\Steam\SteamApps\common\Team Fortress 2\tf\maps\dm_themap_jordanstreete_01.bsp
0 seconds elapsed



8 threads
reading c:\program files (x86)\steam\steamapps\common\team fortress 2\tf\maps\dm_themap_jordanstreete_01.bsp
reading c:\program files (x86)\steam\steamapps\common\team fortress 2\tf\maps\dm_themap_jordanstreete_01.prt
 127 portalclusters
 421 numportals
0...1...2...3...4...5...6...7...8...9...100...1...2...3...4...5...6...7...8...9...10Optimized: 25 visible clusters (0.19%)
Total clusters visible: 13038
Average clusters visible: 102
Building PAS...
Average clusters audible: 127
visdatasize:5112  compressed from 4064
writing c:\program files (x86)\steam\steamapps\common\team fortress 2\tf\maps\dm_themap_jordanstreete_01.bsp
0 seconds elapsed



[Reading texlights from 'lights.rad']
[34 texlights parsed from 'lights.rad']

Loading c:\program files (x86)\steam\steamapps\common\team fortress 2\tf\maps\dm_themap_jordanstreete_01.bsp
715 faces
240540 square feet [34637820.00 square inches]
0 Displacements
0 Square Feet [0.00 Square Inches]
715 patches before subdivision
23927 patches after subdivision
0 direct lights
0...1...2...3...4...5...6...7...8...9...100...1...2...3...4...5...6...7...8...9...10transfers 6234374, max 812
transfer lists:  47.6 megs
0...1...2...3...4...5...6...7...8...9...10	Bounce #1 added RGB(0, 0, 0)
Build Patch/Sample Hash Table(s).....Done<0.0074 sec>
0...1...2...3...4...5...6...7...8...9...10FinalLightFace Done
0 of 0 (0% of) surface lights went in leaf ambient cubes.
0...1...2...3...4...5...6...7...8...9...10Writing leaf ambient...done
Ready to Finish

Object names       Objects/Maxobjs  Memory / Maxmem  Fullness 
------------       ---------------  ---------------  -------- 
models                   1/1024           48/49152    ( 0.1%) 
brushes                147/8192         1764/98304    ( 1.8%) 
brushsides             947/65536        7576/524288   ( 1.4%) 
planes                 356/65536        7120/1310720  ( 0.5%) 
vertexes               918/65536       11016/786432   ( 1.4%) 
nodes                  267/65536        8544/2097152  ( 0.4%) 
texinfos               203/12288       14616/884736   ( 1.7%) 
texdata                  8/2048          256/65536    ( 0.4%) 
dispinfos                0/0               0/0        ( 0.0%) 
disp_verts               0/0               0/0        ( 0.0%) 
disp_tris                0/0               0/0        ( 0.0%) 
disp_lmsamples           0/0               0/0        ( 0.0%) 
faces                  715/65536       40040/3670016  ( 1.1%) 
hdr faces                0/65536           0/3670016  ( 0.0%) 
origfaces              310/65536       17360/3670016  ( 0.5%) 
leaves                 269/65536        8608/2097152  ( 0.4%) 
leaffaces              832/65536        1664/131072   ( 1.3%) 
leafbrushes            286/65536         572/131072   ( 0.4%) 
areas                    2/256            16/2048     ( 0.8%) 
surfedges             4501/512000      18004/2048000  ( 0.9%) 
edges                 2432/256000       9728/1024000  ( 0.9%) 
LDR worldlights          0/8192            0/720896   ( 0.0%) 
HDR worldlights          0/8192            0/720896   ( 0.0%) 
leafwaterdata            0/32768           0/393216   ( 0.0%) 
waterstrips             31/32768         310/327680   ( 0.1%) 
waterverts               0/65536           0/786432   ( 0.0%) 
waterindices           408/65536         816/131072   ( 0.6%) 
cubemapsamples           0/1024            0/16384    ( 0.0%) 
overlays                 0/512             0/180224   ( 0.0%) 
LDR lightdata         [variable]      711364/0        ( 0.0%) 
HDR lightdata         [variable]           0/0        ( 0.0%) 
visdata               [variable]        5112/16777216 ( 0.0%) 
entdata               [variable]        2338/393216   ( 0.6%) 
LDR ambient table      269/65536        1076/262144   ( 0.4%) 
HDR ambient table      269/65536        1076/262144   ( 0.4%) 
LDR leaf ambient       127/65536        3556/1835008  ( 0.2%) 
HDR leaf ambient       269/65536        7532/1835008  ( 0.4%) 
occluders                0/0               0/0        ( 0.0%) 
occluder polygons        0/0               0/0        ( 0.0%) 
occluder vert ind        0/0               0/0        ( 0.0%) 
detail props          [variable]           1/12       ( 8.3%) 
static props          [variable]           1/12       ( 8.3%) 
pakfile               [variable]      105735/0        ( 0.0%) 
physics               [variable]       47867/4194304  ( 1.1%) 
physics terrain       [variable]           2/1048576  ( 0.0%) 

Level flags = 0

Total triangle count: 1831
Writing c:\program files (x86)\steam\steamapps\common\team fortress 2\tf\maps\dm_themap_jordanstreete_01.bsp
1 second elapsed



materialPath: C:\Program Files (x86)\Steam\SteamApps\common\Team Fortress 2\tf\materials
Loading C:\Program Files (x86)\Steam\SteamApps\common\Team Fortress 2\tf\maps\dm_themap_jordanstreete_01.vmf
fixing up env_cubemap materials on brush sides...
0...1...2...3...4...5...6...7...8...9...100...1...2...3...4...5...6...7...8...9...10Processing areas...done (0)
Building Faces...done (0)
FixTjuncs...
PruneNodes...
WriteBSP...
done (0)
writing C:\Program Files (x86)\Steam\SteamApps\common\Team Fortress 2\tf\maps\dm_themap_jordanstreete_01.prt...Building visibility clusters...
done (0)
Creating default LDR cubemaps for env_cubemap using skybox materials:
   skybox/sky_day01_01*.vmt
 ! Run buildcubemaps in the engine to get the correct cube maps.
Creating default HDR cubemaps for env_cubemap using skybox materials:
   skybox/sky_day01_01*.vmt
 ! Run buildcubemaps in the engine to get the correct cube maps.
Finding displacement neighbors...
Finding lightmap sample positions...
Displacement Alpha : 0...1...2...3...4...5...6...7...8...9...10
Building Physics collision data...
done (0) (47867 bytes)
Placing detail props : 0...1...2...3...4...5...6...7...8...9...10
Compacting texture/material tables...
Reduced 212 texinfos to 203
Reduced 8 texdatas to 8 (178 bytes to 178)
Writing C:\Program Files (x86)\Steam\SteamApps\common\Team Fortress 2\tf\maps\dm_themap_jordanstreete_01.bsp
0 seconds elapsed



8 threads
reading c:\program files (x86)\steam\steamapps\common\team fortress 2\tf\maps\dm_themap_jordanstreete_01.bsp
reading c:\program files (x86)\steam\steamapps\common\team fortress 2\tf\maps\dm_themap_jordanstreete_01.prt
 127 portalclusters
 421 numportals
0...1...2...3...4...5...6...7...8...9...100...1...2...3...4...5...6...7...8...9...10Optimized: 25 visible clusters (0.19%)
Total clusters visible: 13038
Average clusters visible: 102
Building PAS...
Average clusters audible: 127
visdatasize:5112  compressed from 4064
writing c:\program files (x86)\steam\steamapps\common\team fortress 2\tf\maps\dm_themap_jordanstreete_01.bsp
0 seconds elapsed



[Reading texlights from 'lights.rad']
[34 texlights parsed from 'lights.rad']

Loading c:\program files (x86)\steam\steamapps\common\team fortress 2\tf\maps\dm_themap_jordanstreete_01.bsp
715 faces
240540 square feet [34637820.00 square inches]
0 Displacements
0 Square Feet [0.00 Square Inches]
715 patches before subdivision
23927 patches after subdivision
0 direct lights
0...1...2...3...4...5...6...7...8...9...100...1...2...3...4...5...6...7...8...9...10transfers 6234374, max 812
transfer lists:  47.6 megs
0...1...2...3...4...5...6...7...8...9...10	Bounce #1 added RGB(0, 0, 0)
Build Patch/Sample Hash Table(s).....Done<0.0074 sec>
0...1...2...3...4...5...6...7...8...9...10FinalLightFace Done
0 of 0 (0% of) surface lights went in leaf ambient cubes.
0...1...2...3...4...5...6...7...8...9...10Writing leaf ambient...done
Ready to Finish

Object names       Objects/Maxobjs  Memory / Maxmem  Fullness 
------------       ---------------  ---------------  -------- 
models                   1/1024           48/49152    ( 0.1%) 
brushes                147/8192         1764/98304    ( 1.8%) 
brushsides             947/65536        7576/524288   ( 1.4%) 
planes                 356/65536        7120/1310720  ( 0.5%) 
vertexes               918/65536       11016/786432   ( 1.4%) 
nodes                  267/65536        8544/2097152  ( 0.4%) 
texinfos               203/12288       14616/884736   ( 1.7%) 
texdata                  8/2048          256/65536    ( 0.4%) 
dispinfos                0/0               0/0        ( 0.0%) 
disp_verts               0/0               0/0        ( 0.0%) 
disp_tris                0/0               0/0        ( 0.0%) 
disp_lmsamples           0/0               0/0        ( 0.0%) 
faces                  715/65536       40040/3670016  ( 1.1%) 
hdr faces                0/65536           0/3670016  ( 0.0%) 
origfaces              310/65536       17360/3670016  ( 0.5%) 
leaves                 269/65536        8608/2097152  ( 0.4%) 
leaffaces              832/65536        1664/131072   ( 1.3%) 
leafbrushes            286/65536         572/131072   ( 0.4%) 
areas                    2/256            16/2048     ( 0.8%) 
surfedges             4501/512000      18004/2048000  ( 0.9%) 
edges                 2432/256000       9728/1024000  ( 0.9%) 
LDR worldlights          0/8192            0/720896   ( 0.0%) 
HDR worldlights          0/8192            0/720896   ( 0.0%) 
leafwaterdata            0/32768           0/393216   ( 0.0%) 
waterstrips             31/32768         310/327680   ( 0.1%) 
waterverts               0/65536           0/786432   ( 0.0%) 
waterindices           408/65536         816/131072   ( 0.6%) 
cubemapsamples           0/1024            0/16384    ( 0.0%) 
overlays                 0/512             0/180224   ( 0.0%) 
LDR lightdata         [variable]      711364/0        ( 0.0%) 
HDR lightdata         [variable]           0/0        ( 0.0%) 
visdata               [variable]        5112/16777216 ( 0.0%) 
entdata               [variable]        2102/393216   ( 0.5%) 
LDR ambient table      269/65536        1076/262144   ( 0.4%) 
HDR ambient table      269/65536        1076/262144   ( 0.4%) 
LDR leaf ambient       127/65536        3556/1835008  ( 0.2%) 
HDR leaf ambient       269/65536        7532/1835008  ( 0.4%) 
occluders                0/0               0/0        ( 0.0%) 
occluder polygons        0/0               0/0        ( 0.0%) 
occluder vert ind        0/0               0/0        ( 0.0%) 
detail props          [variable]           1/12       ( 8.3%) 
static props          [variable]           1/12       ( 8.3%) 
pakfile               [variable]      105735/0        ( 0.0%) 
physics               [variable]       47867/4194304  ( 1.1%) 
physics terrain       [variable]           2/1048576  ( 0.0%) 

Level flags = 0

Total triangle count: 1831
Writing c:\program files (x86)\steam\steamapps\common\team fortress 2\tf\maps\dm_themap_jordanstreete_01.bsp
1 second elapsed



materialPath: C:\Program Files (x86)\Steam\SteamApps\common\Team Fortress 2\tf\materials
Loading C:\Program Files (x86)\Steam\SteamApps\common\Team Fortress 2\tf\maps\dm_themap_jordanstreete_01.vmf
fixing up env_cubemap materials on brush sides...
0...1...2...3...4...5...6...7...8...9...100...1...2...3...4...5...6...7...8...9...10Processing areas...done (0)
Building Faces...done (0)
FixTjuncs...
PruneNodes...
WriteBSP...
done (0)
writing C:\Program Files (x86)\Steam\SteamApps\common\Team Fortress 2\tf\maps\dm_themap_jordanstreete_01.prt...Building visibility clusters...
done (0)
Creating default LDR cubemaps for env_cubemap using skybox materials:
   skybox/sky_day01_01*.vmt
 ! Run buildcubemaps in the engine to get the correct cube maps.
Creating default HDR cubemaps for env_cubemap using skybox materials:
   skybox/sky_day01_01*.vmt
 ! Run buildcubemaps in the engine to get the correct cube maps.
Finding displacement neighbors...
Finding lightmap sample positions...
Displacement Alpha : 0...1...2...3...4...5...6...7...8...9...10
Building Physics collision data...
done (0) (47867 bytes)
Placing detail props : 0...1...2...3...4...5...6...7...8...9...10
Compacting texture/material tables...
Reduced 212 texinfos to 203
Reduced 8 texdatas to 8 (185 bytes to 185)
Writing C:\Program Files (x86)\Steam\SteamApps\common\Team Fortress 2\tf\maps\dm_themap_jordanstreete_01.bsp
0 seconds elapsed



8 threads
reading c:\program files (x86)\steam\steamapps\common\team fortress 2\tf\maps\dm_themap_jordanstreete_01.bsp
reading c:\program files (x86)\steam\steamapps\common\team fortress 2\tf\maps\dm_themap_jordanstreete_01.prt
 121 portalclusters
 404 numportals
0...1...2...3...4...5...6...7...8...9...100...1...2...3...4...5...6...7...8...9...10Optimized: 19 visible clusters (0.17%)
Total clusters visible: 11496
Average clusters visible: 95
Building PAS...
Average clusters audible: 120
visdatasize:4867  compressed from 3872
writing c:\program files (x86)\steam\steamapps\common\team fortress 2\tf\maps\dm_themap_jordanstreete_01.bsp
0 seconds elapsed



[Reading texlights from 'lights.rad']
[34 texlights parsed from 'lights.rad']

Loading c:\program files (x86)\steam\steamapps\common\team fortress 2\tf\maps\dm_themap_jordanstreete_01.bsp
701 faces
238634 square feet [34363388.00 square inches]
0 Displacements
0 Square Feet [0.00 Square Inches]
701 patches before subdivision
23637 patches after subdivision
0 direct lights
0...1...2...3...4...5...6...7...8...9...100...1...2...3...4...5...6...7...8...9...10transfers 5411466, max 672
transfer lists:  41.3 megs
0...1...2...3...4...5...6...7...8...9...10	Bounce #1 added RGB(0, 0, 0)
Build Patch/Sample Hash Table(s).....Done<0.0076 sec>
0...1...2...3...4...5...6...7...8...9...10FinalLightFace Done
0 of 0 (0% of) surface lights went in leaf ambient cubes.
0...1...2...3...4...5...6...7...8...9...10Writing leaf ambient...done
Ready to Finish

Object names       Objects/Maxobjs  Memory / Maxmem  Fullness 
------------       ---------------  ---------------  -------- 
models                   1/1024           48/49152    ( 0.1%) 
brushes                147/8192         1764/98304    ( 1.8%) 
brushsides             947/65536        7576/524288   ( 1.4%) 
planes                 356/65536        7120/1310720  ( 0.5%) 
vertexes               915/65536       10980/786432   ( 1.4%) 
nodes                  265/65536        8480/2097152  ( 0.4%) 
texinfos               203/12288       14616/884736   ( 1.7%) 
texdata                  8/2048          256/65536    ( 0.4%) 
dispinfos                0/0               0/0        ( 0.0%) 
disp_verts               0/0               0/0        ( 0.0%) 
disp_tris                0/0               0/0        ( 0.0%) 
disp_lmsamples           0/0               0/0        ( 0.0%) 
faces                  701/65536       39256/3670016  ( 1.1%) 
hdr faces                0/65536           0/3670016  ( 0.0%) 
origfaces              310/65536       17360/3670016  ( 0.5%) 
leaves                 267/65536        8544/2097152  ( 0.4%) 
leaffaces              786/65536        1572/131072   ( 1.2%) 
leafbrushes            287/65536         574/131072   ( 0.4%) 
areas                    2/256            16/2048     ( 0.8%) 
surfedges             4428/512000      17712/2048000  ( 0.9%) 
edges                 2375/256000       9500/1024000  ( 0.9%) 
LDR worldlights          0/8192            0/720896   ( 0.0%) 
HDR worldlights          0/8192            0/720896   ( 0.0%) 
leafwaterdata            0/32768           0/393216   ( 0.0%) 
waterstrips             29/32768         290/327680   ( 0.1%) 
waterverts               0/65536           0/786432   ( 0.0%) 
waterindices           375/65536         750/131072   ( 0.6%) 
cubemapsamples           0/1024            0/16384    ( 0.0%) 
overlays                 0/512             0/180224   ( 0.0%) 
LDR lightdata         [variable]      705648/0        ( 0.0%) 
HDR lightdata         [variable]           0/0        ( 0.0%) 
visdata               [variable]        4867/16777216 ( 0.0%) 
entdata               [variable]        2314/393216   ( 0.6%) 
LDR ambient table      267/65536        1068/262144   ( 0.4%) 
HDR ambient table      267/65536        1068/262144   ( 0.4%) 
LDR leaf ambient       121/65536        3388/1835008  ( 0.2%) 
HDR leaf ambient       267/65536        7476/1835008  ( 0.4%) 
occluders                0/0               0/0        ( 0.0%) 
occluder polygons        0/0               0/0        ( 0.0%) 
occluder vert ind        0/0               0/0        ( 0.0%) 
detail props          [variable]           1/12       ( 8.3%) 
static props          [variable]           1/12       ( 8.3%) 
pakfile               [variable]      105735/0        ( 0.0%) 
physics               [variable]       47867/4194304  ( 1.1%) 
physics terrain       [variable]           2/1048576  ( 0.0%) 

Level flags = 0

Total triangle count: 1786
Writing c:\program files (x86)\steam\steamapps\common\team fortress 2\tf\maps\dm_themap_jordanstreete_01.bsp
1 second elapsed



materialPath: C:\Program Files (x86)\Steam\SteamApps\common\Team Fortress 2\tf\materials
Loading C:\Program Files (x86)\Steam\SteamApps\common\Team Fortress 2\tf\maps\dm_themap_jordanstreete_01.vmf
fixing up env_cubemap materials on brush sides...
0...1...2...3...4...5...6...7...8...9...100...1...2...3...4...5...6...7...8...9...10Processing areas...done (0)
Building Faces...done (0)
FixTjuncs...
PruneNodes...
WriteBSP...
done (0)
writing C:\Program Files (x86)\Steam\SteamApps\common\Team Fortress 2\tf\maps\dm_themap_jordanstreete_01.prt...Building visibility clusters...
done (0)
Creating default LDR cubemaps for env_cubemap using skybox materials:
   skybox/sky_day01_01*.vmt
 ! Run buildcubemaps in the engine to get the correct cube maps.
Creating default HDR cubemaps for env_cubemap using skybox materials:
   skybox/sky_day01_01*.vmt
 ! Run buildcubemaps in the engine to get the correct cube maps.
Finding displacement neighbors...
Finding lightmap sample positions...
Displacement Alpha : 0...1...2...3...4...5...6...7...8...9...10
Building Physics collision data...
done (0) (48975 bytes)
Error! To use model "models/ambulance.mdl"
      with prop_static, it must be compiled with $staticprop!
Error loading studio model "models/ambulance.mdl"!
Error loading studio model ""!
Placing detail props : 0...1...2...3...4...5...6...7...8...9...10
Compacting texture/material tables...
Reduced 215 texinfos to 206
Reduced 9 texdatas to 9 (204 bytes to 204)
Writing C:\Program Files (x86)\Steam\SteamApps\common\Team Fortress 2\tf\maps\dm_themap_jordanstreete_01.bsp
0 seconds elapsed



8 threads
reading c:\program files (x86)\steam\steamapps\common\team fortress 2\tf\maps\dm_themap_jordanstreete_01.bsp
reading c:\program files (x86)\steam\steamapps\common\team fortress 2\tf\maps\dm_themap_jordanstreete_01.prt
 121 portalclusters
 402 numportals
0...1...2...3...4...5...6...7...8...9...100...1...2...3...4...5...6...7...8...9...10Optimized: 17 visible clusters (0.15%)
Total clusters visible: 11484
Average clusters visible: 94
Building PAS...
Average clusters audible: 120
visdatasize:4867  compressed from 3872
writing c:\program files (x86)\steam\steamapps\common\team fortress 2\tf\maps\dm_themap_jordanstreete_01.bsp
0 seconds elapsed



[Reading texlights from 'lights.rad']
[34 texlights parsed from 'lights.rad']

Loading c:\program files (x86)\steam\steamapps\common\team fortress 2\tf\maps\dm_themap_jordanstreete_01.bsp
713 faces
239223 square feet [34448188.00 square inches]
0 Displacements
0 Square Feet [0.00 Square Inches]
713 patches before subdivision
23677 patches after subdivision
0 direct lights
0...1...2...3...4...5...6...7...8...9...100...1...2...3...4...5...6...7...8...9...10transfers 5357282, max 671
transfer lists:  40.9 megs
0...1...2...3...4...5...6...7...8...9...10	Bounce #1 added RGB(0, 0, 0)
Build Patch/Sample Hash Table(s).....Done<0.0073 sec>
0...1...2...3...4...5...6...7...8...9...10FinalLightFace Done
0 of 0 (0% of) surface lights went in leaf ambient cubes.
0...1...2...3...4...5...6...7...8...9...10Writing leaf ambient...done
Ready to Finish

Object names       Objects/Maxobjs  Memory / Maxmem  Fullness 
------------       ---------------  ---------------  -------- 
models                   3/1024          144/49152    ( 0.3%) 
brushes                149/8192         1788/98304    ( 1.8%) 
brushsides             959/65536        7672/524288   ( 1.5%) 
planes                 382/65536        7640/1310720  ( 0.6%) 
vertexes               930/65536       11160/786432   ( 1.4%) 
nodes                  277/65536        8864/2097152  ( 0.4%) 
texinfos               206/12288       14832/884736   ( 1.7%) 
texdata                  9/2048          288/65536    ( 0.4%) 
dispinfos                0/0               0/0        ( 0.0%) 
disp_verts               0/0               0/0        ( 0.0%) 
disp_tris                0/0               0/0        ( 0.0%) 
disp_lmsamples           0/0               0/0        ( 0.0%) 
faces                  713/65536       39928/3670016  ( 1.1%) 
hdr faces                0/65536           0/3670016  ( 0.0%) 
origfaces              322/65536       18032/3670016  ( 0.5%) 
leaves                 281/65536        8992/2097152  ( 0.4%) 
leaffaces              810/65536        1620/131072   ( 1.2%) 
leafbrushes            289/65536         578/131072   ( 0.4%) 
areas                    2/256            16/2048     ( 0.8%) 
surfedges             4522/512000      18088/2048000  ( 0.9%) 
edges                 2422/256000       9688/1024000  ( 0.9%) 
LDR worldlights          0/8192            0/720896   ( 0.0%) 
HDR worldlights          0/8192            0/720896   ( 0.0%) 
leafwaterdata            0/32768           0/393216   ( 0.0%) 
waterstrips             29/32768         290/327680   ( 0.1%) 
waterverts               0/65536           0/786432   ( 0.0%) 
waterindices           375/65536         750/131072   ( 0.6%) 
cubemapsamples           0/1024            0/16384    ( 0.0%) 
overlays                 0/512             0/180224   ( 0.0%) 
LDR lightdata         [variable]      705648/0        ( 0.0%) 
HDR lightdata         [variable]           0/0        ( 0.0%) 
visdata               [variable]        4867/16777216 ( 0.0%) 
entdata               [variable]        3917/393216   ( 1.0%) 
LDR ambient table      281/65536        1124/262144   ( 0.4%) 
HDR ambient table      281/65536        1124/262144   ( 0.4%) 
LDR leaf ambient       133/65536        3724/1835008  ( 0.2%) 
HDR leaf ambient       281/65536        7868/1835008  ( 0.4%) 
occluders                0/0               0/0        ( 0.0%) 
occluder polygons        0/0               0/0        ( 0.0%) 
occluder vert ind        0/0               0/0        ( 0.0%) 
detail props          [variable]           1/12       ( 8.3%) 
static props          [variable]           1/206      ( 0.5%) 
pakfile               [variable]      105735/0        ( 0.0%) 
physics               [variable]       48975/4194304  ( 1.2%) 
physics terrain       [variable]           2/1048576  ( 0.0%) 

Level flags = 0

Total triangle count: 1808
Writing c:\program files (x86)\steam\steamapps\common\team fortress 2\tf\maps\dm_themap_jordanstreete_01.bsp
1 second elapsed



materialPath: C:\Program Files (x86)\Steam\SteamApps\common\Team Fortress 2\tf\materials
Loading C:\Program Files (x86)\Steam\SteamApps\common\Team Fortress 2\tf\maps\dm_themap_jordanstreete_01.vmf
fixing up env_cubemap materials on brush sides...
0...1...2...3...4...5...6...7...8...9...100...1...2...3...4...5...6...7...8...9...10Processing areas...done (0)
Building Faces...done (0)
FixTjuncs...
PruneNodes...
WriteBSP...
done (0)
writing C:\Program Files (x86)\Steam\SteamApps\common\Team Fortress 2\tf\maps\dm_themap_jordanstreete_01.prt...Building visibility clusters...
done (0)
Creating default LDR cubemaps for env_cubemap using skybox materials:
   skybox/sky_day01_01*.vmt
 ! Run buildcubemaps in the engine to get the correct cube maps.
Creating default HDR cubemaps for env_cubemap using skybox materials:
   skybox/sky_day01_01*.vmt
 ! Run buildcubemaps in the engine to get the correct cube maps.
Finding displacement neighbors...
Finding lightmap sample positions...
Displacement Alpha : 0...1...2...3...4...5...6...7...8...9...10
Building Physics collision data...
done (0) (48975 bytes)
Error! To use model "models/ambulance.mdl"
      with prop_static, it must be compiled with $staticprop!
Error loading studio model "models/ambulance.mdl"!
Error loading studio model ""!
Placing detail props : 0...1...2...3...4...5...6...7...8...9...10
Compacting texture/material tables...
Reduced 215 texinfos to 206
Reduced 9 texdatas to 9 (204 bytes to 204)
Writing C:\Program Files (x86)\Steam\SteamApps\common\Team Fortress 2\tf\maps\dm_themap_jordanstreete_01.bsp
0 seconds elapsed



8 threads
reading c:\program files (x86)\steam\steamapps\common\team fortress 2\tf\maps\dm_themap_jordanstreete_01.bsp
reading c:\program files (x86)\steam\steamapps\common\team fortress 2\tf\maps\dm_themap_jordanstreete_01.prt
 121 portalclusters
 402 numportals
0...1...2...3...4...5...6...7...8...9...100...1...2...3...4...5...6...7...8...9...10Optimized: 17 visible clusters (0.15%)
Total clusters visible: 11484
Average clusters visible: 94
Building PAS...
Average clusters audible: 120
visdatasize:4867  compressed from 3872
writing c:\program files (x86)\steam\steamapps\common\team fortress 2\tf\maps\dm_themap_jordanstreete_01.bsp
0 seconds elapsed



[Reading texlights from 'lights.rad']
[34 texlights parsed from 'lights.rad']

Loading c:\program files (x86)\steam\steamapps\common\team fortress 2\tf\maps\dm_themap_jordanstreete_01.bsp
713 faces
239223 square feet [34448188.00 square inches]
0 Displacements
0 Square Feet [0.00 Square Inches]
713 patches before subdivision
23677 patches after subdivision
0 direct lights
0...1...2...3...4...5...6...7...8...9...100...1...2...3...4...5...6...7...8...9...10transfers 5357282, max 671
transfer lists:  40.9 megs
0...1...2...3...4...5...6...7...8...9...10	Bounce #1 added RGB(0, 0, 0)
Build Patch/Sample Hash Table(s).....Done<0.0073 sec>
0...1...2...3...4...5...6...7...8...9...10FinalLightFace Done
0 of 0 (0% of) surface lights went in leaf ambient cubes.
0...1...2...3...4...5...6...7...8...9...10Writing leaf ambient...done
Ready to Finish

Object names       Objects/Maxobjs  Memory / Maxmem  Fullness 
------------       ---------------  ---------------  -------- 
models                   3/1024          144/49152    ( 0.3%) 
brushes                149/8192         1788/98304    ( 1.8%) 
brushsides             959/65536        7672/524288   ( 1.5%) 
planes                 382/65536        7640/1310720  ( 0.6%) 
vertexes               930/65536       11160/786432   ( 1.4%) 
nodes                  277/65536        8864/2097152  ( 0.4%) 
texinfos               206/12288       14832/884736   ( 1.7%) 
texdata                  9/2048          288/65536    ( 0.4%) 
dispinfos                0/0               0/0        ( 0.0%) 
disp_verts               0/0               0/0        ( 0.0%) 
disp_tris                0/0               0/0        ( 0.0%) 
disp_lmsamples           0/0               0/0        ( 0.0%) 
faces                  713/65536       39928/3670016  ( 1.1%) 
hdr faces                0/65536           0/3670016  ( 0.0%) 
origfaces              322/65536       18032/3670016  ( 0.5%) 
leaves                 281/65536        8992/2097152  ( 0.4%) 
leaffaces              810/65536        1620/131072   ( 1.2%) 
leafbrushes            289/65536         578/131072   ( 0.4%) 
areas                    2/256            16/2048     ( 0.8%) 
surfedges             4522/512000      18088/2048000  ( 0.9%) 
edges                 2422/256000       9688/1024000  ( 0.9%) 
LDR worldlights          0/8192            0/720896   ( 0.0%) 
HDR worldlights          0/8192            0/720896   ( 0.0%) 
leafwaterdata            0/32768           0/393216   ( 0.0%) 
waterstrips             29/32768         290/327680   ( 0.1%) 
waterverts               0/65536           0/786432   ( 0.0%) 
waterindices           375/65536         750/131072   ( 0.6%) 
cubemapsamples           0/1024            0/16384    ( 0.0%) 
overlays                 0/512             0/180224   ( 0.0%) 
LDR lightdata         [variable]      705648/0        ( 0.0%) 
HDR lightdata         [variable]           0/0        ( 0.0%) 
visdata               [variable]        4867/16777216 ( 0.0%) 
entdata               [variable]        5263/393216   ( 1.3%) 
LDR ambient table      281/65536        1124/262144   ( 0.4%) 
HDR ambient table      281/65536        1124/262144   ( 0.4%) 
LDR leaf ambient       133/65536        3724/1835008  ( 0.2%) 
HDR leaf ambient       281/65536        7868/1835008  ( 0.4%) 
occluders                0/0               0/0        ( 0.0%) 
occluder polygons        0/0               0/0        ( 0.0%) 
occluder vert ind        0/0               0/0        ( 0.0%) 
detail props          [variable]           1/12       ( 8.3%) 
static props          [variable]           1/206      ( 0.5%) 
pakfile               [variable]      105735/0        ( 0.0%) 
physics               [variable]       48975/4194304  ( 1.2%) 
physics terrain       [variable]           2/1048576  ( 0.0%) 

Level flags = 0

Total triangle count: 1808
Writing c:\program files (x86)\steam\steamapps\common\team fortress 2\tf\maps\dm_themap_jordanstreete_01.bsp
1 second elapsed
